{"C:\\Users\\Nimash\\Desktop\\sem_5\\Smart-Inventory-and-Resource-Management-System-for-Local-Business\\report-analysis-service\\controllers\\analyticsController.js": {"path":"C:\\Users\\Nimash\\Desktop\\sem_5\\Smart-Inventory-and-Resource-Management-System-for-Local-Business\\report-analysis-service\\controllers\\analyticsController.js","statementMap":{"0":{"start":{"line":3,"column":17},"end":{"line":6,"column":1}},"1":{"start":{"line":4,"column":12},"end":{"line":4,"column":36}},"2":{"start":{"line":5,"column":2},"end":{"line":5,"column":68}},"3":{"start":{"line":8,"column":24},"end":{"line":19,"column":1}},"4":{"start":{"line":9,"column":2},"end":{"line":18,"column":3}},"5":{"start":{"line":10,"column":16},"end":{"line":10,"column":25}},"6":{"start":{"line":12,"column":16},"end":{"line":12,"column":26}},"7":{"start":{"line":14,"column":16},"end":{"line":14,"column":26}},"8":{"start":{"line":15,"column":16},"end":{"line":15,"column":27}},"9":{"start":{"line":16,"column":16},"end":{"line":16,"column":27}},"10":{"start":{"line":17,"column":16},"end":{"line":17,"column":52}},"11":{"start":{"line":21,"column":21},"end":{"line":21,"column":85}},"12":{"start":{"line":21,"column":42},"end":{"line":21,"column":84}},"13":{"start":{"line":28,"column":20},"end":{"line":126,"column":1}},"14":{"start":{"line":29,"column":2},"end":{"line":125,"column":3}},"15":{"start":{"line":30,"column":25},"end":{"line":30,"column":34}},"16":{"start":{"line":31,"column":19},"end":{"line":31,"column":44}},"17":{"start":{"line":32,"column":17},"end":{"line":32,"column":40}},"18":{"start":{"line":34,"column":18},"end":{"line":34,"column":28}},"19":{"start":{"line":35,"column":4},"end":{"line":35,"column":42}},"20":{"start":{"line":38,"column":16},"end":{"line":78,"column":5}},"21":{"start":{"line":80,"column":19},"end":{"line":80,"column":57}},"22":{"start":{"line":81,"column":21},"end":{"line":81,"column":45}},"23":{"start":{"line":82,"column":14},"end":{"line":82,"column":27}},"24":{"start":{"line":84,"column":22},"end":{"line":86,"column":9}},"25":{"start":{"line":89,"column":22},"end":{"line":97,"column":5}},"26":{"start":{"line":98,"column":25},"end":{"line":98,"column":63}},"27":{"start":{"line":99,"column":33},"end":{"line":99,"column":69}},"28":{"start":{"line":101,"column":24},"end":{"line":101,"column":80}},"29":{"start":{"line":101,"column":52},"end":{"line":101,"column":76}},"30":{"start":{"line":103,"column":6},"end":{"line":108,"column":12}},"31":{"start":{"line":104,"column":33},"end":{"line":107,"column":11}},"32":{"start":{"line":110,"column":4},"end":{"line":121,"column":7}},"33":{"start":{"line":123,"column":4},"end":{"line":123,"column":55}},"34":{"start":{"line":124,"column":4},"end":{"line":124,"column":64}},"35":{"start":{"line":133,"column":22},"end":{"line":178,"column":1}},"36":{"start":{"line":134,"column":2},"end":{"line":177,"column":3}},"37":{"start":{"line":135,"column":25},"end":{"line":135,"column":34}},"38":{"start":{"line":136,"column":19},"end":{"line":136,"column":44}},"39":{"start":{"line":137,"column":17},"end":{"line":137,"column":40}},"40":{"start":{"line":139,"column":18},"end":{"line":139,"column":28}},"41":{"start":{"line":140,"column":4},"end":{"line":140,"column":42}},"42":{"start":{"line":142,"column":16},"end":{"line":162,"column":5}},"43":{"start":{"line":163,"column":19},"end":{"line":163,"column":57}},"44":{"start":{"line":164,"column":21},"end":{"line":164,"column":45}},"45":{"start":{"line":165,"column":14},"end":{"line":165,"column":27}},"46":{"start":{"line":167,"column":4},"end":{"line":173,"column":7}},"47":{"start":{"line":175,"column":4},"end":{"line":175,"column":57}},"48":{"start":{"line":176,"column":4},"end":{"line":176,"column":67}},"49":{"start":{"line":185,"column":25},"end":{"line":267,"column":1}},"50":{"start":{"line":186,"column":2},"end":{"line":266,"column":3}},"51":{"start":{"line":187,"column":22},"end":{"line":187,"column":40}},"52":{"start":{"line":188,"column":21},"end":{"line":190,"column":12}},"53":{"start":{"line":192,"column":19},"end":{"line":192,"column":44}},"54":{"start":{"line":193,"column":17},"end":{"line":193,"column":40}},"55":{"start":{"line":195,"column":18},"end":{"line":195,"column":28}},"56":{"start":{"line":196,"column":4},"end":{"line":196,"column":42}},"57":{"start":{"line":198,"column":22},"end":{"line":198,"column":37}},"58":{"start":{"line":199,"column":4},"end":{"line":199,"column":50}},"59":{"start":{"line":202,"column":16},"end":{"line":241,"column":5}},"60":{"start":{"line":243,"column":19},"end":{"line":243,"column":47}},"61":{"start":{"line":244,"column":21},"end":{"line":244,"column":45}},"62":{"start":{"line":245,"column":14},"end":{"line":245,"column":27}},"63":{"start":{"line":247,"column":19},"end":{"line":249,"column":9}},"64":{"start":{"line":251,"column":21},"end":{"line":260,"column":21}},"65":{"start":{"line":262,"column":4},"end":{"line":262,"column":23}},"66":{"start":{"line":264,"column":4},"end":{"line":264,"column":60}},"67":{"start":{"line":265,"column":4},"end":{"line":265,"column":70}},"68":{"start":{"line":274,"column":24},"end":{"line":302,"column":1}},"69":{"start":{"line":275,"column":2},"end":{"line":301,"column":3}},"70":{"start":{"line":276,"column":25},"end":{"line":276,"column":34}},"71":{"start":{"line":277,"column":17},"end":{"line":277,"column":53}},"72":{"start":{"line":279,"column":16},"end":{"line":294,"column":5}},"73":{"start":{"line":295,"column":19},"end":{"line":295,"column":55}},"74":{"start":{"line":296,"column":21},"end":{"line":296,"column":45}},"75":{"start":{"line":297,"column":4},"end":{"line":297,"column":80}},"76":{"start":{"line":297,"column":28},"end":{"line":297,"column":76}},"77":{"start":{"line":299,"column":4},"end":{"line":299,"column":59}},"78":{"start":{"line":300,"column":4},"end":{"line":300,"column":69}},"79":{"start":{"line":309,"column":22},"end":{"line":337,"column":1}},"80":{"start":{"line":310,"column":2},"end":{"line":336,"column":3}},"81":{"start":{"line":311,"column":25},"end":{"line":311,"column":34}},"82":{"start":{"line":312,"column":17},"end":{"line":312,"column":53}},"83":{"start":{"line":314,"column":16},"end":{"line":329,"column":5}},"84":{"start":{"line":330,"column":19},"end":{"line":330,"column":55}},"85":{"start":{"line":331,"column":21},"end":{"line":331,"column":45}},"86":{"start":{"line":332,"column":4},"end":{"line":332,"column":85}},"87":{"start":{"line":332,"column":28},"end":{"line":332,"column":81}},"88":{"start":{"line":334,"column":4},"end":{"line":334,"column":57}},"89":{"start":{"line":335,"column":4},"end":{"line":335,"column":67}},"90":{"start":{"line":344,"column":30},"end":{"line":398,"column":1}},"91":{"start":{"line":345,"column":2},"end":{"line":397,"column":3}},"92":{"start":{"line":346,"column":25},"end":{"line":346,"column":34}},"93":{"start":{"line":348,"column":16},"end":{"line":379,"column":5}},"94":{"start":{"line":380,"column":19},"end":{"line":380,"column":45}},"95":{"start":{"line":381,"column":21},"end":{"line":381,"column":45}},"96":{"start":{"line":382,"column":14},"end":{"line":382,"column":27}},"97":{"start":{"line":383,"column":25},"end":{"line":385,"column":9}},"98":{"start":{"line":387,"column":4},"end":{"line":393,"column":7}},"99":{"start":{"line":395,"column":4},"end":{"line":395,"column":65}},"100":{"start":{"line":396,"column":4},"end":{"line":396,"column":75}},"101":{"start":{"line":405,"column":26},"end":{"line":481,"column":1}},"102":{"start":{"line":406,"column":2},"end":{"line":480,"column":3}},"103":{"start":{"line":407,"column":22},"end":{"line":407,"column":40}},"104":{"start":{"line":408,"column":21},"end":{"line":410,"column":12}},"105":{"start":{"line":412,"column":25},"end":{"line":412,"column":68}},"106":{"start":{"line":414,"column":18},"end":{"line":414,"column":28}},"107":{"start":{"line":415,"column":4},"end":{"line":415,"column":50}},"108":{"start":{"line":417,"column":22},"end":{"line":417,"column":37}},"109":{"start":{"line":418,"column":4},"end":{"line":418,"column":58}},"110":{"start":{"line":421,"column":16},"end":{"line":448,"column":5}},"111":{"start":{"line":450,"column":19},"end":{"line":450,"column":47}},"112":{"start":{"line":451,"column":21},"end":{"line":451,"column":45}},"113":{"start":{"line":452,"column":14},"end":{"line":452,"column":27}},"114":{"start":{"line":454,"column":19},"end":{"line":454,"column":21}},"115":{"start":{"line":456,"column":4},"end":{"line":465,"column":5}},"116":{"start":{"line":457,"column":22},"end":{"line":457,"column":118}},"117":{"start":{"line":458,"column":6},"end":{"line":464,"column":7}},"118":{"start":{"line":459,"column":8},"end":{"line":459,"column":138}},"119":{"start":{"line":460,"column":13},"end":{"line":464,"column":7}},"120":{"start":{"line":461,"column":8},"end":{"line":461,"column":142}},"121":{"start":{"line":462,"column":13},"end":{"line":464,"column":7}},"122":{"start":{"line":463,"column":8},"end":{"line":463,"column":127}},"123":{"start":{"line":467,"column":19},"end":{"line":467,"column":55}},"124":{"start":{"line":468,"column":4},"end":{"line":474,"column":5}},"125":{"start":{"line":469,"column":6},"end":{"line":473,"column":9}},"126":{"start":{"line":476,"column":4},"end":{"line":476,"column":21}},"127":{"start":{"line":478,"column":4},"end":{"line":478,"column":61}},"128":{"start":{"line":479,"column":4},"end":{"line":479,"column":71}}},"fnMap":{"0":{"name":"(anonymous_0)","decl":{"start":{"line":3,"column":17},"end":{"line":3,"column":18}},"loc":{"start":{"line":3,"column":41},"end":{"line":6,"column":1}},"line":3},"1":{"name":"(anonymous_1)","decl":{"start":{"line":8,"column":24},"end":{"line":8,"column":25}},"loc":{"start":{"line":8,"column":44},"end":{"line":19,"column":1}},"line":8},"2":{"name":"(anonymous_2)","decl":{"start":{"line":21,"column":21},"end":{"line":21,"column":22}},"loc":{"start":{"line":21,"column":42},"end":{"line":21,"column":84}},"line":21},"3":{"name":"(anonymous_3)","decl":{"start":{"line":28,"column":20},"end":{"line":28,"column":21}},"loc":{"start":{"line":28,"column":40},"end":{"line":126,"column":1}},"line":28},"4":{"name":"(anonymous_4)","decl":{"start":{"line":101,"column":42},"end":{"line":101,"column":43}},"loc":{"start":{"line":101,"column":52},"end":{"line":101,"column":76}},"line":101},"5":{"name":"(anonymous_5)","decl":{"start":{"line":104,"column":25},"end":{"line":104,"column":26}},"loc":{"start":{"line":104,"column":33},"end":{"line":107,"column":11}},"line":104},"6":{"name":"(anonymous_6)","decl":{"start":{"line":133,"column":22},"end":{"line":133,"column":23}},"loc":{"start":{"line":133,"column":42},"end":{"line":178,"column":1}},"line":133},"7":{"name":"(anonymous_7)","decl":{"start":{"line":185,"column":25},"end":{"line":185,"column":26}},"loc":{"start":{"line":185,"column":45},"end":{"line":267,"column":1}},"line":185},"8":{"name":"(anonymous_8)","decl":{"start":{"line":274,"column":24},"end":{"line":274,"column":25}},"loc":{"start":{"line":274,"column":44},"end":{"line":302,"column":1}},"line":274},"9":{"name":"(anonymous_9)","decl":{"start":{"line":297,"column":22},"end":{"line":297,"column":23}},"loc":{"start":{"line":297,"column":28},"end":{"line":297,"column":76}},"line":297},"10":{"name":"(anonymous_10)","decl":{"start":{"line":309,"column":22},"end":{"line":309,"column":23}},"loc":{"start":{"line":309,"column":42},"end":{"line":337,"column":1}},"line":309},"11":{"name":"(anonymous_11)","decl":{"start":{"line":332,"column":22},"end":{"line":332,"column":23}},"loc":{"start":{"line":332,"column":28},"end":{"line":332,"column":81}},"line":332},"12":{"name":"(anonymous_12)","decl":{"start":{"line":344,"column":30},"end":{"line":344,"column":31}},"loc":{"start":{"line":344,"column":50},"end":{"line":398,"column":1}},"line":344},"13":{"name":"(anonymous_13)","decl":{"start":{"line":405,"column":26},"end":{"line":405,"column":27}},"loc":{"start":{"line":405,"column":46},"end":{"line":481,"column":1}},"line":405}},"branchMap":{"0":{"loc":{"start":{"line":4,"column":21},"end":{"line":4,"column":31}},"type":"binary-expr","locations":[{"start":{"line":4,"column":21},"end":{"line":4,"column":24}},{"start":{"line":4,"column":28},"end":{"line":4,"column":31}}],"line":4},"1":{"loc":{"start":{"line":5,"column":32},"end":{"line":5,"column":60}},"type":"cond-expr","locations":[{"start":{"line":5,"column":53},"end":{"line":5,"column":54}},{"start":{"line":5,"column":57},"end":{"line":5,"column":60}}],"line":5},"2":{"loc":{"start":{"line":8,"column":25},"end":{"line":8,"column":39}},"type":"default-arg","locations":[{"start":{"line":8,"column":34},"end":{"line":8,"column":39}}],"line":8},"3":{"loc":{"start":{"line":9,"column":2},"end":{"line":18,"column":3}},"type":"switch","locations":[{"start":{"line":10,"column":4},"end":{"line":10,"column":25}},{"start":{"line":11,"column":4},"end":{"line":11,"column":15}},{"start":{"line":12,"column":4},"end":{"line":12,"column":26}},{"start":{"line":13,"column":4},"end":{"line":13,"column":15}},{"start":{"line":14,"column":4},"end":{"line":14,"column":26}},{"start":{"line":15,"column":4},"end":{"line":15,"column":27}},{"start":{"line":16,"column":4},"end":{"line":16,"column":27}},{"start":{"line":17,"column":4},"end":{"line":17,"column":52}}],"line":9},"4":{"loc":{"start":{"line":21,"column":42},"end":{"line":21,"column":84}},"type":"cond-expr","locations":[{"start":{"line":21,"column":54},"end":{"line":21,"column":79}},{"start":{"line":21,"column":82},"end":{"line":21,"column":84}}],"line":21},"5":{"loc":{"start":{"line":31,"column":19},"end":{"line":31,"column":44}},"type":"binary-expr","locations":[{"start":{"line":31,"column":19},"end":{"line":31,"column":35}},{"start":{"line":31,"column":39},"end":{"line":31,"column":44}}],"line":31},"6":{"loc":{"start":{"line":80,"column":19},"end":{"line":80,"column":57}},"type":"cond-expr","locations":[{"start":{"line":80,"column":30},"end":{"line":80,"column":47}},{"start":{"line":80,"column":50},"end":{"line":80,"column":57}}],"line":80},"7":{"loc":{"start":{"line":82,"column":14},"end":{"line":82,"column":27}},"type":"binary-expr","locations":[{"start":{"line":82,"column":14},"end":{"line":82,"column":21}},{"start":{"line":82,"column":25},"end":{"line":82,"column":27}}],"line":82},"8":{"loc":{"start":{"line":84,"column":22},"end":{"line":86,"column":9}},"type":"cond-expr","locations":[{"start":{"line":85,"column":8},"end":{"line":85,"column":118}},{"start":{"line":86,"column":8},"end":{"line":86,"column":9}}],"line":84},"9":{"loc":{"start":{"line":84,"column":33},"end":{"line":84,"column":52}},"type":"binary-expr","locations":[{"start":{"line":84,"column":33},"end":{"line":84,"column":47}},{"start":{"line":84,"column":51},"end":{"line":84,"column":52}}],"line":84},"10":{"loc":{"start":{"line":85,"column":21},"end":{"line":85,"column":41}},"type":"binary-expr","locations":[{"start":{"line":85,"column":21},"end":{"line":85,"column":36}},{"start":{"line":85,"column":40},"end":{"line":85,"column":41}}],"line":85},"11":{"loc":{"start":{"line":85,"column":56},"end":{"line":85,"column":75}},"type":"binary-expr","locations":[{"start":{"line":85,"column":56},"end":{"line":85,"column":70}},{"start":{"line":85,"column":74},"end":{"line":85,"column":75}}],"line":85},"12":{"loc":{"start":{"line":85,"column":91},"end":{"line":85,"column":110}},"type":"binary-expr","locations":[{"start":{"line":85,"column":91},"end":{"line":85,"column":105}},{"start":{"line":85,"column":109},"end":{"line":85,"column":110}}],"line":85},"13":{"loc":{"start":{"line":98,"column":25},"end":{"line":98,"column":63}},"type":"cond-expr","locations":[{"start":{"line":98,"column":36},"end":{"line":98,"column":53}},{"start":{"line":98,"column":56},"end":{"line":98,"column":63}}],"line":98},"14":{"loc":{"start":{"line":101,"column":63},"end":{"line":101,"column":75}},"type":"binary-expr","locations":[{"start":{"line":101,"column":63},"end":{"line":101,"column":70}},{"start":{"line":101,"column":74},"end":{"line":101,"column":75}}],"line":101},"15":{"loc":{"start":{"line":103,"column":6},"end":{"line":108,"column":12}},"type":"cond-expr","locations":[{"start":{"line":104,"column":10},"end":{"line":107,"column":13}},{"start":{"line":108,"column":10},"end":{"line":108,"column":12}}],"line":103},"16":{"loc":{"start":{"line":112,"column":31},"end":{"line":112,"column":51}},"type":"binary-expr","locations":[{"start":{"line":112,"column":31},"end":{"line":112,"column":46}},{"start":{"line":112,"column":50},"end":{"line":112,"column":51}}],"line":112},"17":{"loc":{"start":{"line":113,"column":28},"end":{"line":113,"column":47}},"type":"binary-expr","locations":[{"start":{"line":113,"column":28},"end":{"line":113,"column":42}},{"start":{"line":113,"column":46},"end":{"line":113,"column":47}}],"line":113},"18":{"loc":{"start":{"line":114,"column":32},"end":{"line":114,"column":54}},"type":"binary-expr","locations":[{"start":{"line":114,"column":32},"end":{"line":114,"column":49}},{"start":{"line":114,"column":53},"end":{"line":114,"column":54}}],"line":114},"19":{"loc":{"start":{"line":115,"column":32},"end":{"line":115,"column":55}},"type":"binary-expr","locations":[{"start":{"line":115,"column":32},"end":{"line":115,"column":50}},{"start":{"line":115,"column":54},"end":{"line":115,"column":55}}],"line":115},"20":{"loc":{"start":{"line":116,"column":31},"end":{"line":116,"column":51}},"type":"binary-expr","locations":[{"start":{"line":116,"column":31},"end":{"line":116,"column":46}},{"start":{"line":116,"column":50},"end":{"line":116,"column":51}}],"line":116},"21":{"loc":{"start":{"line":117,"column":35},"end":{"line":117,"column":54}},"type":"binary-expr","locations":[{"start":{"line":117,"column":35},"end":{"line":117,"column":49}},{"start":{"line":117,"column":53},"end":{"line":117,"column":54}}],"line":117},"22":{"loc":{"start":{"line":119,"column":19},"end":{"line":119,"column":41}},"type":"binary-expr","locations":[{"start":{"line":119,"column":19},"end":{"line":119,"column":33}},{"start":{"line":119,"column":37},"end":{"line":119,"column":41}}],"line":119},"23":{"loc":{"start":{"line":136,"column":19},"end":{"line":136,"column":44}},"type":"binary-expr","locations":[{"start":{"line":136,"column":19},"end":{"line":136,"column":35}},{"start":{"line":136,"column":39},"end":{"line":136,"column":44}}],"line":136},"24":{"loc":{"start":{"line":163,"column":19},"end":{"line":163,"column":57}},"type":"cond-expr","locations":[{"start":{"line":163,"column":30},"end":{"line":163,"column":47}},{"start":{"line":163,"column":50},"end":{"line":163,"column":57}}],"line":163},"25":{"loc":{"start":{"line":165,"column":14},"end":{"line":165,"column":27}},"type":"binary-expr","locations":[{"start":{"line":165,"column":14},"end":{"line":165,"column":21}},{"start":{"line":165,"column":25},"end":{"line":165,"column":27}}],"line":165},"26":{"loc":{"start":{"line":169,"column":26},"end":{"line":169,"column":40}},"type":"binary-expr","locations":[{"start":{"line":169,"column":26},"end":{"line":169,"column":35}},{"start":{"line":169,"column":39},"end":{"line":169,"column":40}}],"line":169},"27":{"loc":{"start":{"line":170,"column":23},"end":{"line":170,"column":36}},"type":"binary-expr","locations":[{"start":{"line":170,"column":23},"end":{"line":170,"column":31}},{"start":{"line":170,"column":35},"end":{"line":170,"column":36}}],"line":170},"28":{"loc":{"start":{"line":171,"column":32},"end":{"line":171,"column":42}},"type":"binary-expr","locations":[{"start":{"line":171,"column":32},"end":{"line":171,"column":37}},{"start":{"line":171,"column":41},"end":{"line":171,"column":42}}],"line":171},"29":{"loc":{"start":{"line":172,"column":37},"end":{"line":172,"column":55}},"type":"binary-expr","locations":[{"start":{"line":172,"column":37},"end":{"line":172,"column":50}},{"start":{"line":172,"column":54},"end":{"line":172,"column":55}}],"line":172},"30":{"loc":{"start":{"line":188,"column":21},"end":{"line":190,"column":12}},"type":"cond-expr","locations":[{"start":{"line":189,"column":8},"end":{"line":189,"column":31}},{"start":{"line":190,"column":8},"end":{"line":190,"column":12}}],"line":188},"31":{"loc":{"start":{"line":188,"column":21},"end":{"line":188,"column":100}},"type":"binary-expr","locations":[{"start":{"line":188,"column":21},"end":{"line":188,"column":38}},{"start":{"line":188,"column":42},"end":{"line":188,"column":58}},{"start":{"line":188,"column":62},"end":{"line":188,"column":100}}],"line":188},"32":{"loc":{"start":{"line":192,"column":19},"end":{"line":192,"column":44}},"type":"binary-expr","locations":[{"start":{"line":192,"column":19},"end":{"line":192,"column":35}},{"start":{"line":192,"column":39},"end":{"line":192,"column":44}}],"line":192},"33":{"loc":{"start":{"line":245,"column":14},"end":{"line":245,"column":27}},"type":"binary-expr","locations":[{"start":{"line":245,"column":14},"end":{"line":245,"column":21}},{"start":{"line":245,"column":25},"end":{"line":245,"column":27}}],"line":245},"34":{"loc":{"start":{"line":247,"column":19},"end":{"line":249,"column":9}},"type":"cond-expr","locations":[{"start":{"line":248,"column":8},"end":{"line":248,"column":104}},{"start":{"line":249,"column":8},"end":{"line":249,"column":9}}],"line":247},"35":{"loc":{"start":{"line":247,"column":31},"end":{"line":247,"column":46}},"type":"binary-expr","locations":[{"start":{"line":247,"column":31},"end":{"line":247,"column":41}},{"start":{"line":247,"column":45},"end":{"line":247,"column":46}}],"line":247},"36":{"loc":{"start":{"line":248,"column":21},"end":{"line":248,"column":35}},"type":"binary-expr","locations":[{"start":{"line":248,"column":21},"end":{"line":248,"column":30}},{"start":{"line":248,"column":34},"end":{"line":248,"column":35}}],"line":248},"37":{"loc":{"start":{"line":248,"column":50},"end":{"line":248,"column":65}},"type":"binary-expr","locations":[{"start":{"line":248,"column":50},"end":{"line":248,"column":60}},{"start":{"line":248,"column":64},"end":{"line":248,"column":65}}],"line":248},"38":{"loc":{"start":{"line":248,"column":81},"end":{"line":248,"column":96}},"type":"binary-expr","locations":[{"start":{"line":248,"column":81},"end":{"line":248,"column":91}},{"start":{"line":248,"column":95},"end":{"line":248,"column":96}}],"line":248},"39":{"loc":{"start":{"line":253,"column":14},"end":{"line":253,"column":50}},"type":"cond-expr","locations":[{"start":{"line":253,"column":28},"end":{"line":253,"column":38}},{"start":{"line":253,"column":41},"end":{"line":253,"column":50}}],"line":253},"40":{"loc":{"start":{"line":254,"column":17},"end":{"line":254,"column":62}},"type":"cond-expr","locations":[{"start":{"line":254,"column":31},"end":{"line":254,"column":45}},{"start":{"line":254,"column":48},"end":{"line":254,"column":62}}],"line":254},"41":{"loc":{"start":{"line":256,"column":6},"end":{"line":256,"column":87}},"type":"cond-expr","locations":[{"start":{"line":256,"column":23},"end":{"line":256,"column":80}},{"start":{"line":256,"column":83},"end":{"line":256,"column":87}}],"line":256},"42":{"loc":{"start":{"line":257,"column":6},"end":{"line":259,"column":14}},"type":"cond-expr","locations":[{"start":{"line":258,"column":10},"end":{"line":258,"column":115}},{"start":{"line":259,"column":10},"end":{"line":259,"column":14}}],"line":257},"43":{"loc":{"start":{"line":257,"column":7},"end":{"line":257,"column":94}},"type":"binary-expr","locations":[{"start":{"line":257,"column":7},"end":{"line":257,"column":55}},{"start":{"line":257,"column":59},"end":{"line":257,"column":94}}],"line":257},"44":{"loc":{"start":{"line":282,"column":35},"end":{"line":282,"column":51}},"type":"cond-expr","locations":[{"start":{"line":282,"column":46},"end":{"line":282,"column":47}},{"start":{"line":282,"column":50},"end":{"line":282,"column":51}}],"line":282},"45":{"loc":{"start":{"line":290,"column":40},"end":{"line":290,"column":56}},"type":"cond-expr","locations":[{"start":{"line":290,"column":51},"end":{"line":290,"column":52}},{"start":{"line":290,"column":55},"end":{"line":290,"column":56}}],"line":290},"46":{"loc":{"start":{"line":295,"column":19},"end":{"line":295,"column":55}},"type":"cond-expr","locations":[{"start":{"line":295,"column":30},"end":{"line":295,"column":46}},{"start":{"line":295,"column":49},"end":{"line":295,"column":55}}],"line":295},"47":{"loc":{"start":{"line":317,"column":35},"end":{"line":317,"column":51}},"type":"cond-expr","locations":[{"start":{"line":317,"column":46},"end":{"line":317,"column":47}},{"start":{"line":317,"column":50},"end":{"line":317,"column":51}}],"line":317},"48":{"loc":{"start":{"line":325,"column":40},"end":{"line":325,"column":56}},"type":"cond-expr","locations":[{"start":{"line":325,"column":51},"end":{"line":325,"column":52}},{"start":{"line":325,"column":55},"end":{"line":325,"column":56}}],"line":325},"49":{"loc":{"start":{"line":330,"column":19},"end":{"line":330,"column":55}},"type":"cond-expr","locations":[{"start":{"line":330,"column":30},"end":{"line":330,"column":46}},{"start":{"line":330,"column":49},"end":{"line":330,"column":55}}],"line":330},"50":{"loc":{"start":{"line":332,"column":61},"end":{"line":332,"column":74}},"type":"binary-expr","locations":[{"start":{"line":332,"column":61},"end":{"line":332,"column":69}},{"start":{"line":332,"column":73},"end":{"line":332,"column":74}}],"line":332},"51":{"loc":{"start":{"line":380,"column":19},"end":{"line":380,"column":45}},"type":"cond-expr","locations":[{"start":{"line":380,"column":30},"end":{"line":380,"column":40}},{"start":{"line":380,"column":43},"end":{"line":380,"column":45}}],"line":380},"52":{"loc":{"start":{"line":382,"column":14},"end":{"line":382,"column":27}},"type":"binary-expr","locations":[{"start":{"line":382,"column":14},"end":{"line":382,"column":21}},{"start":{"line":382,"column":25},"end":{"line":382,"column":27}}],"line":382},"53":{"loc":{"start":{"line":383,"column":25},"end":{"line":385,"column":9}},"type":"cond-expr","locations":[{"start":{"line":384,"column":8},"end":{"line":384,"column":106}},{"start":{"line":385,"column":8},"end":{"line":385,"column":9}}],"line":383},"54":{"loc":{"start":{"line":383,"column":36},"end":{"line":383,"column":53}},"type":"binary-expr","locations":[{"start":{"line":383,"column":36},"end":{"line":383,"column":48}},{"start":{"line":383,"column":52},"end":{"line":383,"column":53}}],"line":383},"55":{"loc":{"start":{"line":384,"column":21},"end":{"line":384,"column":33}},"type":"binary-expr","locations":[{"start":{"line":384,"column":21},"end":{"line":384,"column":28}},{"start":{"line":384,"column":32},"end":{"line":384,"column":33}}],"line":384},"56":{"loc":{"start":{"line":384,"column":48},"end":{"line":384,"column":65}},"type":"binary-expr","locations":[{"start":{"line":384,"column":48},"end":{"line":384,"column":60}},{"start":{"line":384,"column":64},"end":{"line":384,"column":65}}],"line":384},"57":{"loc":{"start":{"line":384,"column":81},"end":{"line":384,"column":98}},"type":"binary-expr","locations":[{"start":{"line":384,"column":81},"end":{"line":384,"column":93}},{"start":{"line":384,"column":97},"end":{"line":384,"column":98}}],"line":384},"58":{"loc":{"start":{"line":388,"column":32},"end":{"line":388,"column":44}},"type":"binary-expr","locations":[{"start":{"line":388,"column":32},"end":{"line":388,"column":39}},{"start":{"line":388,"column":43},"end":{"line":388,"column":44}}],"line":388},"59":{"loc":{"start":{"line":389,"column":31},"end":{"line":389,"column":44}},"type":"binary-expr","locations":[{"start":{"line":389,"column":31},"end":{"line":389,"column":39}},{"start":{"line":389,"column":43},"end":{"line":389,"column":44}}],"line":389},"60":{"loc":{"start":{"line":390,"column":40},"end":{"line":390,"column":50}},"type":"binary-expr","locations":[{"start":{"line":390,"column":40},"end":{"line":390,"column":45}},{"start":{"line":390,"column":49},"end":{"line":390,"column":50}}],"line":390},"61":{"loc":{"start":{"line":392,"column":35},"end":{"line":392,"column":51}},"type":"binary-expr","locations":[{"start":{"line":392,"column":35},"end":{"line":392,"column":46}},{"start":{"line":392,"column":50},"end":{"line":392,"column":51}}],"line":392},"62":{"loc":{"start":{"line":408,"column":21},"end":{"line":410,"column":12}},"type":"cond-expr","locations":[{"start":{"line":409,"column":8},"end":{"line":409,"column":31}},{"start":{"line":410,"column":8},"end":{"line":410,"column":12}}],"line":408},"63":{"loc":{"start":{"line":408,"column":21},"end":{"line":408,"column":100}},"type":"binary-expr","locations":[{"start":{"line":408,"column":21},"end":{"line":408,"column":38}},{"start":{"line":408,"column":42},"end":{"line":408,"column":58}},{"start":{"line":408,"column":62},"end":{"line":408,"column":100}}],"line":408},"64":{"loc":{"start":{"line":452,"column":14},"end":{"line":452,"column":27}},"type":"binary-expr","locations":[{"start":{"line":452,"column":14},"end":{"line":452,"column":21}},{"start":{"line":452,"column":25},"end":{"line":452,"column":27}}],"line":452},"65":{"loc":{"start":{"line":456,"column":4},"end":{"line":465,"column":5}},"type":"if","locations":[{"start":{"line":456,"column":4},"end":{"line":465,"column":5}},{"start":{},"end":{}}],"line":456},"66":{"loc":{"start":{"line":456,"column":19},"end":{"line":456,"column":34}},"type":"binary-expr","locations":[{"start":{"line":456,"column":19},"end":{"line":456,"column":29}},{"start":{"line":456,"column":33},"end":{"line":456,"column":34}}],"line":456},"67":{"loc":{"start":{"line":457,"column":35},"end":{"line":457,"column":49}},"type":"binary-expr","locations":[{"start":{"line":457,"column":35},"end":{"line":457,"column":44}},{"start":{"line":457,"column":48},"end":{"line":457,"column":49}}],"line":457},"68":{"loc":{"start":{"line":457,"column":64},"end":{"line":457,"column":79}},"type":"binary-expr","locations":[{"start":{"line":457,"column":64},"end":{"line":457,"column":74}},{"start":{"line":457,"column":78},"end":{"line":457,"column":79}}],"line":457},"69":{"loc":{"start":{"line":457,"column":95},"end":{"line":457,"column":110}},"type":"binary-expr","locations":[{"start":{"line":457,"column":95},"end":{"line":457,"column":105}},{"start":{"line":457,"column":109},"end":{"line":457,"column":110}}],"line":457},"70":{"loc":{"start":{"line":458,"column":6},"end":{"line":464,"column":7}},"type":"if","locations":[{"start":{"line":458,"column":6},"end":{"line":464,"column":7}},{"start":{"line":460,"column":13},"end":{"line":464,"column":7}}],"line":458},"71":{"loc":{"start":{"line":460,"column":13},"end":{"line":464,"column":7}},"type":"if","locations":[{"start":{"line":460,"column":13},"end":{"line":464,"column":7}},{"start":{"line":462,"column":13},"end":{"line":464,"column":7}}],"line":460},"72":{"loc":{"start":{"line":462,"column":13},"end":{"line":464,"column":7}},"type":"if","locations":[{"start":{"line":462,"column":13},"end":{"line":464,"column":7}},{"start":{},"end":{}}],"line":462},"73":{"loc":{"start":{"line":467,"column":28},"end":{"line":467,"column":50}},"type":"binary-expr","locations":[{"start":{"line":467,"column":28},"end":{"line":467,"column":45}},{"start":{"line":467,"column":49},"end":{"line":467,"column":50}}],"line":467},"74":{"loc":{"start":{"line":468,"column":4},"end":{"line":474,"column":5}},"type":"if","locations":[{"start":{"line":468,"column":4},"end":{"line":474,"column":5}},{"start":{},"end":{}}],"line":468},"75":{"loc":{"start":{"line":471,"column":18},"end":{"line":471,"column":50}},"type":"cond-expr","locations":[{"start":{"line":471,"column":33},"end":{"line":471,"column":39}},{"start":{"line":471,"column":42},"end":{"line":471,"column":50}}],"line":471}},"s":{"0":7,"1":9,"2":9,"3":7,"4":9,"5":1,"6":8,"7":0,"8":0,"9":0,"10":0,"11":7,"12":32,"13":7,"14":3,"15":3,"16":3,"17":3,"18":3,"19":3,"20":3,"21":3,"22":3,"23":2,"24":2,"25":2,"26":2,"27":2,"28":2,"29":2,"30":2,"31":2,"32":2,"33":1,"34":1,"35":7,"36":3,"37":3,"38":3,"39":3,"40":3,"41":3,"42":3,"43":3,"44":3,"45":2,"46":2,"47":1,"48":1,"49":7,"50":3,"51":3,"52":3,"53":3,"54":3,"55":3,"56":3,"57":3,"58":3,"59":3,"60":3,"61":3,"62":2,"63":2,"64":2,"65":2,"66":1,"67":1,"68":7,"69":3,"70":3,"71":3,"72":3,"73":3,"74":3,"75":2,"76":3,"77":1,"78":1,"79":7,"80":3,"81":3,"82":3,"83":3,"84":3,"85":3,"86":2,"87":2,"88":1,"89":1,"90":7,"91":3,"92":3,"93":3,"94":3,"95":3,"96":2,"97":2,"98":2,"99":1,"100":1,"101":7,"102":3,"103":3,"104":3,"105":3,"106":3,"107":3,"108":3,"109":3,"110":3,"111":3,"112":3,"113":2,"114":2,"115":2,"116":2,"117":2,"118":1,"119":1,"120":0,"121":1,"122":1,"123":2,"124":2,"125":1,"126":2,"127":1,"128":1},"f":{"0":9,"1":9,"2":32,"3":3,"4":2,"5":2,"6":3,"7":3,"8":3,"9":3,"10":3,"11":2,"12":3,"13":3},"b":{"0":[9,4],"1":[9,0],"2":[0],"3":[1,8,8,0,0,0,0,0],"4":[11,21],"5":[3,3],"6":[1,2],"7":[2,0],"8":[1,1],"9":[2,1],"10":[1,0],"11":[1,0],"12":[1,0],"13":[1,1],"14":[2,0],"15":[1,1],"16":[2,1],"17":[2,1],"18":[2,1],"19":[2,1],"20":[2,1],"21":[2,1],"22":[2,1],"23":[3,3],"24":[1,2],"25":[2,0],"26":[2,1],"27":[2,1],"28":[2,1],"29":[2,1],"30":[1,2],"31":[3,2,1],"32":[3,1],"33":[2,0],"34":[2,0],"35":[2,0],"36":[2,0],"37":[2,0],"38":[2,0],"39":[1,1],"40":[1,1],"41":[1,1],"42":[1,1],"43":[2,2],"44":[1,2],"45":[1,2],"46":[1,2],"47":[1,2],"48":[1,2],"49":[1,2],"50":[2,0],"51":[1,2],"52":[2,0],"53":[1,1],"54":[2,1],"55":[1,0],"56":[1,0],"57":[1,0],"58":[2,1],"59":[2,1],"60":[2,1],"61":[2,1],"62":[1,2],"63":[3,2,1],"64":[2,0],"65":[2,0],"66":[2,0],"67":[2,0],"68":[2,0],"69":[2,0],"70":[1,1],"71":[0,1],"72":[1,0],"73":[2,0],"74":[1,1],"75":[1,0]},"inputSourceMap":null,"_coverageSchema":"1a1c01bbd47fc00a2c39e90264f33305004495a9","hash":"46894ee4a605ae74a0ffe9e634e68046d39f215b"}
,"C:\\Users\\Nimash\\Desktop\\sem_5\\Smart-Inventory-and-Resource-Management-System-for-Local-Business\\report-analysis-service\\controllers\\customerController.js": {"path":"C:\\Users\\Nimash\\Desktop\\sem_5\\Smart-Inventory-and-Resource-Management-System-for-Local-Business\\report-analysis-service\\controllers\\customerController.js","statementMap":{"0":{"start":{"line":5,"column":20},"end":{"line":51,"column":1}},"1":{"start":{"line":6,"column":2},"end":{"line":50,"column":3}},"2":{"start":{"line":7,"column":25},"end":{"line":7,"column":34}},"3":{"start":{"line":9,"column":16},"end":{"line":33,"column":5}},"4":{"start":{"line":35,"column":19},"end":{"line":35,"column":45}},"5":{"start":{"line":36,"column":19},"end":{"line":36,"column":43}},"6":{"start":{"line":38,"column":16},"end":{"line":38,"column":36}},"7":{"start":{"line":39,"column":4},"end":{"line":46,"column":7}},"8":{"start":{"line":48,"column":4},"end":{"line":48,"column":56}},"9":{"start":{"line":49,"column":4},"end":{"line":49,"column":73}},"10":{"start":{"line":54,"column":20},"end":{"line":109,"column":1}},"11":{"start":{"line":55,"column":2},"end":{"line":108,"column":3}},"12":{"start":{"line":56,"column":25},"end":{"line":56,"column":34}},"13":{"start":{"line":58,"column":16},"end":{"line":84,"column":5}},"14":{"start":{"line":86,"column":19},"end":{"line":86,"column":45}},"15":{"start":{"line":87,"column":19},"end":{"line":87,"column":43}},"16":{"start":{"line":89,"column":19},"end":{"line":94,"column":5}},"17":{"start":{"line":96,"column":4},"end":{"line":104,"column":6}},"18":{"start":{"line":97,"column":32},"end":{"line":103,"column":7}},"19":{"start":{"line":106,"column":4},"end":{"line":106,"column":50}},"20":{"start":{"line":107,"column":4},"end":{"line":107,"column":73}},"21":{"start":{"line":112,"column":23},"end":{"line":171,"column":1}},"22":{"start":{"line":113,"column":2},"end":{"line":170,"column":3}},"23":{"start":{"line":114,"column":25},"end":{"line":114,"column":34}},"24":{"start":{"line":115,"column":22},"end":{"line":115,"column":44}},"25":{"start":{"line":116,"column":19},"end":{"line":116,"column":75}},"26":{"start":{"line":118,"column":16},"end":{"line":154,"column":5}},"27":{"start":{"line":156,"column":19},"end":{"line":156,"column":59}},"28":{"start":{"line":157,"column":19},"end":{"line":157,"column":43}},"29":{"start":{"line":159,"column":4},"end":{"line":166,"column":6}},"30":{"start":{"line":160,"column":32},"end":{"line":165,"column":7}},"31":{"start":{"line":168,"column":4},"end":{"line":168,"column":53}},"32":{"start":{"line":169,"column":4},"end":{"line":169,"column":76}},"33":{"start":{"line":174,"column":24},"end":{"line":195,"column":1}},"34":{"start":{"line":175,"column":2},"end":{"line":194,"column":3}},"35":{"start":{"line":176,"column":16},"end":{"line":179,"column":5}},"36":{"start":{"line":181,"column":19},"end":{"line":181,"column":35}},"37":{"start":{"line":182,"column":27},"end":{"line":182,"column":77}},"38":{"start":{"line":184,"column":4},"end":{"line":190,"column":7}},"39":{"start":{"line":192,"column":4},"end":{"line":192,"column":54}},"40":{"start":{"line":193,"column":4},"end":{"line":193,"column":68}},"41":{"start":{"line":198,"column":20},"end":{"line":212,"column":1}},"42":{"start":{"line":199,"column":2},"end":{"line":211,"column":3}},"43":{"start":{"line":200,"column":4},"end":{"line":207,"column":7}},"44":{"start":{"line":209,"column":4},"end":{"line":209,"column":50}},"45":{"start":{"line":210,"column":4},"end":{"line":210,"column":73}},"46":{"start":{"line":215,"column":24},"end":{"line":260,"column":1}},"47":{"start":{"line":216,"column":2},"end":{"line":259,"column":3}},"48":{"start":{"line":217,"column":25},"end":{"line":217,"column":34}},"49":{"start":{"line":218,"column":21},"end":{"line":218,"column":41}},"50":{"start":{"line":219,"column":18},"end":{"line":219,"column":73}},"51":{"start":{"line":221,"column":16},"end":{"line":241,"column":5}},"52":{"start":{"line":243,"column":19},"end":{"line":243,"column":57}},"53":{"start":{"line":244,"column":19},"end":{"line":244,"column":43}},"54":{"start":{"line":246,"column":4},"end":{"line":255,"column":6}},"55":{"start":{"line":247,"column":32},"end":{"line":254,"column":7}},"56":{"start":{"line":257,"column":4},"end":{"line":257,"column":54}},"57":{"start":{"line":258,"column":4},"end":{"line":258,"column":69}},"58":{"start":{"line":263,"column":21},"end":{"line":307,"column":1}},"59":{"start":{"line":264,"column":2},"end":{"line":306,"column":3}},"60":{"start":{"line":265,"column":25},"end":{"line":265,"column":34}},"61":{"start":{"line":267,"column":16},"end":{"line":292,"column":5}},"62":{"start":{"line":294,"column":19},"end":{"line":294,"column":45}},"63":{"start":{"line":295,"column":19},"end":{"line":295,"column":43}},"64":{"start":{"line":297,"column":4},"end":{"line":302,"column":6}},"65":{"start":{"line":298,"column":32},"end":{"line":301,"column":7}},"66":{"start":{"line":304,"column":4},"end":{"line":304,"column":51}},"67":{"start":{"line":305,"column":4},"end":{"line":305,"column":70}},"68":{"start":{"line":310,"column":19},"end":{"line":368,"column":1}},"69":{"start":{"line":311,"column":2},"end":{"line":367,"column":3}},"70":{"start":{"line":312,"column":25},"end":{"line":312,"column":34}},"71":{"start":{"line":314,"column":16},"end":{"line":349,"column":5}},"72":{"start":{"line":351,"column":19},"end":{"line":351,"column":45}},"73":{"start":{"line":352,"column":19},"end":{"line":352,"column":43}},"74":{"start":{"line":354,"column":16},"end":{"line":354,"column":36}},"75":{"start":{"line":355,"column":4},"end":{"line":363,"column":7}},"76":{"start":{"line":365,"column":4},"end":{"line":365,"column":49}},"77":{"start":{"line":366,"column":4},"end":{"line":366,"column":72}}},"fnMap":{"0":{"name":"(anonymous_0)","decl":{"start":{"line":5,"column":20},"end":{"line":5,"column":21}},"loc":{"start":{"line":5,"column":40},"end":{"line":51,"column":1}},"line":5},"1":{"name":"(anonymous_1)","decl":{"start":{"line":54,"column":20},"end":{"line":54,"column":21}},"loc":{"start":{"line":54,"column":40},"end":{"line":109,"column":1}},"line":54},"2":{"name":"(anonymous_2)","decl":{"start":{"line":97,"column":22},"end":{"line":97,"column":23}},"loc":{"start":{"line":97,"column":32},"end":{"line":103,"column":7}},"line":97},"3":{"name":"(anonymous_3)","decl":{"start":{"line":112,"column":23},"end":{"line":112,"column":24}},"loc":{"start":{"line":112,"column":43},"end":{"line":171,"column":1}},"line":112},"4":{"name":"(anonymous_4)","decl":{"start":{"line":160,"column":22},"end":{"line":160,"column":23}},"loc":{"start":{"line":160,"column":32},"end":{"line":165,"column":7}},"line":160},"5":{"name":"(anonymous_5)","decl":{"start":{"line":174,"column":24},"end":{"line":174,"column":25}},"loc":{"start":{"line":174,"column":44},"end":{"line":195,"column":1}},"line":174},"6":{"name":"(anonymous_6)","decl":{"start":{"line":198,"column":20},"end":{"line":198,"column":21}},"loc":{"start":{"line":198,"column":40},"end":{"line":212,"column":1}},"line":198},"7":{"name":"(anonymous_7)","decl":{"start":{"line":215,"column":24},"end":{"line":215,"column":25}},"loc":{"start":{"line":215,"column":44},"end":{"line":260,"column":1}},"line":215},"8":{"name":"(anonymous_8)","decl":{"start":{"line":247,"column":22},"end":{"line":247,"column":23}},"loc":{"start":{"line":247,"column":32},"end":{"line":254,"column":7}},"line":247},"9":{"name":"(anonymous_9)","decl":{"start":{"line":263,"column":21},"end":{"line":263,"column":22}},"loc":{"start":{"line":263,"column":41},"end":{"line":307,"column":1}},"line":263},"10":{"name":"(anonymous_10)","decl":{"start":{"line":298,"column":22},"end":{"line":298,"column":23}},"loc":{"start":{"line":298,"column":32},"end":{"line":301,"column":7}},"line":298},"11":{"name":"(anonymous_11)","decl":{"start":{"line":310,"column":19},"end":{"line":310,"column":20}},"loc":{"start":{"line":310,"column":39},"end":{"line":368,"column":1}},"line":310}},"branchMap":{"0":{"loc":{"start":{"line":16,"column":12},"end":{"line":16,"column":51}},"type":"cond-expr","locations":[{"start":{"line":16,"column":23},"end":{"line":16,"column":46}},{"start":{"line":16,"column":49},"end":{"line":16,"column":51}}],"line":16},"1":{"loc":{"start":{"line":23,"column":10},"end":{"line":23,"column":46}},"type":"cond-expr","locations":[{"start":{"line":23,"column":21},"end":{"line":23,"column":41}},{"start":{"line":23,"column":44},"end":{"line":23,"column":46}}],"line":23},"2":{"loc":{"start":{"line":35,"column":19},"end":{"line":35,"column":45}},"type":"cond-expr","locations":[{"start":{"line":35,"column":30},"end":{"line":35,"column":40}},{"start":{"line":35,"column":43},"end":{"line":35,"column":45}}],"line":35},"3":{"loc":{"start":{"line":38,"column":16},"end":{"line":38,"column":36}},"type":"binary-expr","locations":[{"start":{"line":38,"column":16},"end":{"line":38,"column":30}},{"start":{"line":38,"column":34},"end":{"line":38,"column":36}}],"line":38},"4":{"loc":{"start":{"line":40,"column":31},"end":{"line":40,"column":55}},"type":"binary-expr","locations":[{"start":{"line":40,"column":31},"end":{"line":40,"column":50}},{"start":{"line":40,"column":54},"end":{"line":40,"column":55}}],"line":40},"5":{"loc":{"start":{"line":41,"column":31},"end":{"line":41,"column":53}},"type":"binary-expr","locations":[{"start":{"line":41,"column":31},"end":{"line":41,"column":48}},{"start":{"line":41,"column":52},"end":{"line":41,"column":53}}],"line":41},"6":{"loc":{"start":{"line":42,"column":35},"end":{"line":42,"column":62}},"type":"binary-expr","locations":[{"start":{"line":42,"column":35},"end":{"line":42,"column":57}},{"start":{"line":42,"column":61},"end":{"line":42,"column":62}}],"line":42},"7":{"loc":{"start":{"line":43,"column":29},"end":{"line":43,"column":47}},"type":"binary-expr","locations":[{"start":{"line":43,"column":29},"end":{"line":43,"column":42}},{"start":{"line":43,"column":46},"end":{"line":43,"column":47}}],"line":43},"8":{"loc":{"start":{"line":44,"column":33},"end":{"line":44,"column":57}},"type":"binary-expr","locations":[{"start":{"line":44,"column":33},"end":{"line":44,"column":52}},{"start":{"line":44,"column":56},"end":{"line":44,"column":57}}],"line":44},"9":{"loc":{"start":{"line":45,"column":32},"end":{"line":45,"column":55}},"type":"binary-expr","locations":[{"start":{"line":45,"column":32},"end":{"line":45,"column":50}},{"start":{"line":45,"column":54},"end":{"line":45,"column":55}}],"line":45},"10":{"loc":{"start":{"line":67,"column":12},"end":{"line":67,"column":51}},"type":"cond-expr","locations":[{"start":{"line":67,"column":23},"end":{"line":67,"column":46}},{"start":{"line":67,"column":49},"end":{"line":67,"column":51}}],"line":67},"11":{"loc":{"start":{"line":86,"column":19},"end":{"line":86,"column":45}},"type":"cond-expr","locations":[{"start":{"line":86,"column":30},"end":{"line":86,"column":40}},{"start":{"line":86,"column":43},"end":{"line":86,"column":45}}],"line":86},"12":{"loc":{"start":{"line":102,"column":15},"end":{"line":102,"column":47}},"type":"binary-expr","locations":[{"start":{"line":102,"column":15},"end":{"line":102,"column":34}},{"start":{"line":102,"column":38},"end":{"line":102,"column":47}}],"line":102},"13":{"loc":{"start":{"line":115,"column":22},"end":{"line":115,"column":44}},"type":"binary-expr","locations":[{"start":{"line":115,"column":22},"end":{"line":115,"column":38}},{"start":{"line":115,"column":42},"end":{"line":115,"column":44}}],"line":115},"14":{"loc":{"start":{"line":116,"column":40},"end":{"line":116,"column":69}},"type":"binary-expr","locations":[{"start":{"line":116,"column":40},"end":{"line":116,"column":63}},{"start":{"line":116,"column":67},"end":{"line":116,"column":69}}],"line":116},"15":{"loc":{"start":{"line":121,"column":35},"end":{"line":121,"column":51}},"type":"cond-expr","locations":[{"start":{"line":121,"column":46},"end":{"line":121,"column":47}},{"start":{"line":121,"column":50},"end":{"line":121,"column":51}}],"line":121},"16":{"loc":{"start":{"line":128,"column":10},"end":{"line":128,"column":51}},"type":"cond-expr","locations":[{"start":{"line":128,"column":21},"end":{"line":128,"column":46}},{"start":{"line":128,"column":49},"end":{"line":128,"column":51}}],"line":128},"17":{"loc":{"start":{"line":141,"column":10},"end":{"line":141,"column":49}},"type":"cond-expr","locations":[{"start":{"line":141,"column":21},"end":{"line":141,"column":44}},{"start":{"line":141,"column":47},"end":{"line":141,"column":49}}],"line":141},"18":{"loc":{"start":{"line":156,"column":19},"end":{"line":156,"column":59}},"type":"cond-expr","locations":[{"start":{"line":156,"column":30},"end":{"line":156,"column":48}},{"start":{"line":156,"column":51},"end":{"line":156,"column":59}}],"line":156},"19":{"loc":{"start":{"line":182,"column":36},"end":{"line":182,"column":72}},"type":"binary-expr","locations":[{"start":{"line":182,"column":36},"end":{"line":182,"column":67}},{"start":{"line":182,"column":71},"end":{"line":182,"column":72}}],"line":182},"20":{"loc":{"start":{"line":218,"column":21},"end":{"line":218,"column":41}},"type":"binary-expr","locations":[{"start":{"line":218,"column":21},"end":{"line":218,"column":36}},{"start":{"line":218,"column":40},"end":{"line":218,"column":41}}],"line":218},"21":{"loc":{"start":{"line":219,"column":39},"end":{"line":219,"column":66}},"type":"binary-expr","locations":[{"start":{"line":219,"column":39},"end":{"line":219,"column":61}},{"start":{"line":219,"column":65},"end":{"line":219,"column":66}}],"line":219},"22":{"loc":{"start":{"line":235,"column":10},"end":{"line":235,"column":49}},"type":"cond-expr","locations":[{"start":{"line":235,"column":21},"end":{"line":235,"column":44}},{"start":{"line":235,"column":47},"end":{"line":235,"column":49}}],"line":235},"23":{"loc":{"start":{"line":240,"column":15},"end":{"line":240,"column":31}},"type":"cond-expr","locations":[{"start":{"line":240,"column":26},"end":{"line":240,"column":27}},{"start":{"line":240,"column":30},"end":{"line":240,"column":31}}],"line":240},"24":{"loc":{"start":{"line":243,"column":19},"end":{"line":243,"column":57}},"type":"cond-expr","locations":[{"start":{"line":243,"column":30},"end":{"line":243,"column":47}},{"start":{"line":243,"column":50},"end":{"line":243,"column":57}}],"line":243},"25":{"loc":{"start":{"line":252,"column":22},"end":{"line":252,"column":100}},"type":"cond-expr","locations":[{"start":{"line":252,"column":42},"end":{"line":252,"column":90}},{"start":{"line":252,"column":93},"end":{"line":252,"column":100}}],"line":252},"26":{"loc":{"start":{"line":274,"column":10},"end":{"line":274,"column":48}},"type":"cond-expr","locations":[{"start":{"line":274,"column":21},"end":{"line":274,"column":43}},{"start":{"line":274,"column":46},"end":{"line":274,"column":48}}],"line":274},"27":{"loc":{"start":{"line":294,"column":19},"end":{"line":294,"column":45}},"type":"cond-expr","locations":[{"start":{"line":294,"column":30},"end":{"line":294,"column":40}},{"start":{"line":294,"column":43},"end":{"line":294,"column":45}}],"line":294},"28":{"loc":{"start":{"line":321,"column":12},"end":{"line":321,"column":51}},"type":"cond-expr","locations":[{"start":{"line":321,"column":23},"end":{"line":321,"column":46}},{"start":{"line":321,"column":49},"end":{"line":321,"column":51}}],"line":321},"29":{"loc":{"start":{"line":328,"column":10},"end":{"line":328,"column":46}},"type":"cond-expr","locations":[{"start":{"line":328,"column":21},"end":{"line":328,"column":41}},{"start":{"line":328,"column":44},"end":{"line":328,"column":46}}],"line":328},"30":{"loc":{"start":{"line":335,"column":10},"end":{"line":335,"column":46}},"type":"cond-expr","locations":[{"start":{"line":335,"column":21},"end":{"line":335,"column":41}},{"start":{"line":335,"column":44},"end":{"line":335,"column":46}}],"line":335},"31":{"loc":{"start":{"line":351,"column":19},"end":{"line":351,"column":45}},"type":"cond-expr","locations":[{"start":{"line":351,"column":30},"end":{"line":351,"column":40}},{"start":{"line":351,"column":43},"end":{"line":351,"column":45}}],"line":351},"32":{"loc":{"start":{"line":354,"column":16},"end":{"line":354,"column":36}},"type":"binary-expr","locations":[{"start":{"line":354,"column":16},"end":{"line":354,"column":30}},{"start":{"line":354,"column":34},"end":{"line":354,"column":36}}],"line":354},"33":{"loc":{"start":{"line":356,"column":31},"end":{"line":356,"column":55}},"type":"binary-expr","locations":[{"start":{"line":356,"column":31},"end":{"line":356,"column":50}},{"start":{"line":356,"column":54},"end":{"line":356,"column":55}}],"line":356},"34":{"loc":{"start":{"line":357,"column":31},"end":{"line":357,"column":53}},"type":"binary-expr","locations":[{"start":{"line":357,"column":31},"end":{"line":357,"column":48}},{"start":{"line":357,"column":52},"end":{"line":357,"column":53}}],"line":357},"35":{"loc":{"start":{"line":358,"column":35},"end":{"line":358,"column":62}},"type":"binary-expr","locations":[{"start":{"line":358,"column":35},"end":{"line":358,"column":57}},{"start":{"line":358,"column":61},"end":{"line":358,"column":62}}],"line":358},"36":{"loc":{"start":{"line":359,"column":29},"end":{"line":359,"column":47}},"type":"binary-expr","locations":[{"start":{"line":359,"column":29},"end":{"line":359,"column":42}},{"start":{"line":359,"column":46},"end":{"line":359,"column":47}}],"line":359},"37":{"loc":{"start":{"line":360,"column":33},"end":{"line":360,"column":57}},"type":"binary-expr","locations":[{"start":{"line":360,"column":33},"end":{"line":360,"column":52}},{"start":{"line":360,"column":56},"end":{"line":360,"column":57}}],"line":360},"38":{"loc":{"start":{"line":361,"column":32},"end":{"line":361,"column":55}},"type":"binary-expr","locations":[{"start":{"line":361,"column":32},"end":{"line":361,"column":50}},{"start":{"line":361,"column":54},"end":{"line":361,"column":55}}],"line":361},"39":{"loc":{"start":{"line":362,"column":29},"end":{"line":362,"column":57}},"type":"binary-expr","locations":[{"start":{"line":362,"column":29},"end":{"line":362,"column":52}},{"start":{"line":362,"column":56},"end":{"line":362,"column":57}}],"line":362}},"s":{"0":8,"1":2,"2":2,"3":2,"4":2,"5":2,"6":2,"7":2,"8":0,"9":0,"10":8,"11":2,"12":2,"13":2,"14":2,"15":2,"16":1,"17":1,"18":2,"19":1,"20":1,"21":8,"22":2,"23":2,"24":2,"25":2,"26":2,"27":2,"28":2,"29":1,"30":2,"31":1,"32":1,"33":8,"34":2,"35":2,"36":2,"37":1,"38":1,"39":1,"40":1,"41":8,"42":1,"43":1,"44":0,"45":0,"46":8,"47":2,"48":2,"49":2,"50":2,"51":2,"52":2,"53":2,"54":1,"55":1,"56":1,"57":1,"58":8,"59":2,"60":2,"61":2,"62":2,"63":2,"64":1,"65":3,"66":1,"67":1,"68":8,"69":2,"70":2,"71":2,"72":2,"73":2,"74":1,"75":1,"76":1,"77":1},"f":{"0":2,"1":2,"2":2,"3":2,"4":2,"5":2,"6":1,"7":2,"8":1,"9":2,"10":3,"11":2},"b":{"0":[1,1],"1":[1,1],"2":[1,1],"3":[2,0],"4":[2,0],"5":[2,0],"6":[2,0],"7":[2,0],"8":[2,0],"9":[2,0],"10":[1,1],"11":[1,1],"12":[2,0],"13":[2,0],"14":[2,0],"15":[1,1],"16":[1,1],"17":[1,1],"18":[1,1],"19":[1,0],"20":[2,1],"21":[2,0],"22":[1,1],"23":[1,1],"24":[1,1],"25":[1,0],"26":[1,1],"27":[1,1],"28":[1,1],"29":[1,1],"30":[1,1],"31":[1,1],"32":[1,0],"33":[1,0],"34":[1,0],"35":[1,0],"36":[1,0],"37":[1,0],"38":[1,0],"39":[1,0]},"inputSourceMap":null,"_coverageSchema":"1a1c01bbd47fc00a2c39e90264f33305004495a9","hash":"092d79e7aa9101d06445c2d59034c4484b1ccd82"}
,"C:\\Users\\Nimash\\Desktop\\sem_5\\Smart-Inventory-and-Resource-Management-System-for-Local-Business\\report-analysis-service\\controllers\\healthController.js": {"path":"C:\\Users\\Nimash\\Desktop\\sem_5\\Smart-Inventory-and-Resource-Management-System-for-Local-Business\\report-analysis-service\\controllers\\healthController.js","statementMap":{"0":{"start":{"line":3,"column":20},"end":{"line":6,"column":1}},"1":{"start":{"line":4,"column":13},"end":{"line":4,"column":42}},"2":{"start":{"line":5,"column":2},"end":{"line":5,"column":50}}},"fnMap":{"0":{"name":"(anonymous_0)","decl":{"start":{"line":3,"column":20},"end":{"line":3,"column":21}},"loc":{"start":{"line":3,"column":40},"end":{"line":6,"column":1}},"line":3}},"branchMap":{},"s":{"0":0,"1":0,"2":0},"f":{"0":0},"b":{},"inputSourceMap":null}
,"C:\\Users\\Nimash\\Desktop\\sem_5\\Smart-Inventory-and-Resource-Management-System-for-Local-Business\\report-analysis-service\\controllers\\inventoryController.js": {"path":"C:\\Users\\Nimash\\Desktop\\sem_5\\Smart-Inventory-and-Resource-Management-System-for-Local-Business\\report-analysis-service\\controllers\\inventoryController.js","statementMap":{"0":{"start":{"line":5,"column":20},"end":{"line":43,"column":1}},"1":{"start":{"line":6,"column":2},"end":{"line":42,"column":3}},"2":{"start":{"line":7,"column":25},"end":{"line":7,"column":34}},"3":{"start":{"line":9,"column":16},"end":{"line":17,"column":5}},"4":{"start":{"line":19,"column":19},"end":{"line":19,"column":45}},"5":{"start":{"line":20,"column":19},"end":{"line":20,"column":43}},"6":{"start":{"line":22,"column":16},"end":{"line":22,"column":36}},"7":{"start":{"line":23,"column":23},"end":{"line":23,"column":57}},"8":{"start":{"line":24,"column":21},"end":{"line":24,"column":53}},"9":{"start":{"line":25,"column":23},"end":{"line":25,"column":58}},"10":{"start":{"line":26,"column":24},"end":{"line":28,"column":11}},"11":{"start":{"line":30,"column":4},"end":{"line":37,"column":7}},"12":{"start":{"line":40,"column":4},"end":{"line":40,"column":57}},"13":{"start":{"line":41,"column":4},"end":{"line":41,"column":74}},"14":{"start":{"line":46,"column":22},"end":{"line":84,"column":1}},"15":{"start":{"line":47,"column":2},"end":{"line":83,"column":3}},"16":{"start":{"line":48,"column":25},"end":{"line":48,"column":34}},"17":{"start":{"line":50,"column":16},"end":{"line":65,"column":5}},"18":{"start":{"line":67,"column":19},"end":{"line":67,"column":45}},"19":{"start":{"line":68,"column":19},"end":{"line":68,"column":43}},"20":{"start":{"line":70,"column":4},"end":{"line":78,"column":9}},"21":{"start":{"line":70,"column":37},"end":{"line":78,"column":5}},"22":{"start":{"line":81,"column":4},"end":{"line":81,"column":52}},"23":{"start":{"line":82,"column":4},"end":{"line":82,"column":77}},"24":{"start":{"line":87,"column":23},"end":{"line":120,"column":1}},"25":{"start":{"line":88,"column":2},"end":{"line":119,"column":3}},"26":{"start":{"line":89,"column":25},"end":{"line":89,"column":34}},"27":{"start":{"line":91,"column":16},"end":{"line":99,"column":5}},"28":{"start":{"line":101,"column":19},"end":{"line":101,"column":45}},"29":{"start":{"line":102,"column":19},"end":{"line":102,"column":43}},"30":{"start":{"line":104,"column":16},"end":{"line":104,"column":36}},"31":{"start":{"line":105,"column":18},"end":{"line":105,"column":46}},"32":{"start":{"line":106,"column":20},"end":{"line":106,"column":51}},"33":{"start":{"line":107,"column":21},"end":{"line":107,"column":53}},"34":{"start":{"line":108,"column":23},"end":{"line":108,"column":58}},"35":{"start":{"line":110,"column":4},"end":{"line":114,"column":7}},"36":{"start":{"line":117,"column":4},"end":{"line":117,"column":53}},"37":{"start":{"line":118,"column":4},"end":{"line":118,"column":68}},"38":{"start":{"line":123,"column":20},"end":{"line":179,"column":1}},"39":{"start":{"line":124,"column":2},"end":{"line":178,"column":3}},"40":{"start":{"line":125,"column":25},"end":{"line":125,"column":34}},"41":{"start":{"line":128,"column":22},"end":{"line":128,"column":64}},"42":{"start":{"line":129,"column":19},"end":{"line":129,"column":75}},"43":{"start":{"line":131,"column":16},"end":{"line":163,"column":5}},"44":{"start":{"line":165,"column":19},"end":{"line":165,"column":59}},"45":{"start":{"line":166,"column":19},"end":{"line":166,"column":43}},"46":{"start":{"line":168,"column":4},"end":{"line":173,"column":9}},"47":{"start":{"line":168,"column":37},"end":{"line":173,"column":5}},"48":{"start":{"line":176,"column":4},"end":{"line":176,"column":50}},"49":{"start":{"line":177,"column":4},"end":{"line":177,"column":74}},"50":{"start":{"line":182,"column":21},"end":{"line":235,"column":1}},"51":{"start":{"line":183,"column":2},"end":{"line":234,"column":3}},"52":{"start":{"line":184,"column":25},"end":{"line":184,"column":34}},"53":{"start":{"line":185,"column":21},"end":{"line":185,"column":41}},"54":{"start":{"line":186,"column":18},"end":{"line":186,"column":73}},"55":{"start":{"line":189,"column":22},"end":{"line":189,"column":64}},"56":{"start":{"line":190,"column":19},"end":{"line":190,"column":75}},"57":{"start":{"line":192,"column":16},"end":{"line":218,"column":5}},"58":{"start":{"line":220,"column":19},"end":{"line":220,"column":73}},"59":{"start":{"line":221,"column":19},"end":{"line":221,"column":43}},"60":{"start":{"line":223,"column":4},"end":{"line":229,"column":9}},"61":{"start":{"line":223,"column":37},"end":{"line":229,"column":5}},"62":{"start":{"line":232,"column":4},"end":{"line":232,"column":51}},"63":{"start":{"line":233,"column":4},"end":{"line":233,"column":72}},"64":{"start":{"line":238,"column":32},"end":{"line":271,"column":1}},"65":{"start":{"line":239,"column":2},"end":{"line":270,"column":3}},"66":{"start":{"line":240,"column":25},"end":{"line":240,"column":34}},"67":{"start":{"line":242,"column":16},"end":{"line":254,"column":5}},"68":{"start":{"line":256,"column":19},"end":{"line":256,"column":45}},"69":{"start":{"line":257,"column":19},"end":{"line":257,"column":43}},"70":{"start":{"line":259,"column":4},"end":{"line":265,"column":9}},"71":{"start":{"line":259,"column":37},"end":{"line":265,"column":5}},"72":{"start":{"line":268,"column":4},"end":{"line":268,"column":62}},"73":{"start":{"line":269,"column":4},"end":{"line":269,"column":77}},"74":{"start":{"line":274,"column":25},"end":{"line":313,"column":1}},"75":{"start":{"line":275,"column":2},"end":{"line":312,"column":3}},"76":{"start":{"line":276,"column":25},"end":{"line":276,"column":34}},"77":{"start":{"line":278,"column":16},"end":{"line":302,"column":5}},"78":{"start":{"line":304,"column":19},"end":{"line":304,"column":45}},"79":{"start":{"line":305,"column":19},"end":{"line":305,"column":43}},"80":{"start":{"line":307,"column":4},"end":{"line":307,"column":26}},"81":{"start":{"line":310,"column":4},"end":{"line":310,"column":55}},"82":{"start":{"line":311,"column":4},"end":{"line":311,"column":70}},"83":{"start":{"line":316,"column":19},"end":{"line":367,"column":1}},"84":{"start":{"line":317,"column":2},"end":{"line":366,"column":3}},"85":{"start":{"line":318,"column":25},"end":{"line":318,"column":34}},"86":{"start":{"line":320,"column":16},"end":{"line":345,"column":5}},"87":{"start":{"line":347,"column":19},"end":{"line":347,"column":45}},"88":{"start":{"line":348,"column":19},"end":{"line":348,"column":43}},"89":{"start":{"line":350,"column":16},"end":{"line":350,"column":36}},"90":{"start":{"line":351,"column":4},"end":{"line":361,"column":7}},"91":{"start":{"line":364,"column":4},"end":{"line":364,"column":49}},"92":{"start":{"line":365,"column":4},"end":{"line":365,"column":73}}},"fnMap":{"0":{"name":"(anonymous_0)","decl":{"start":{"line":5,"column":20},"end":{"line":5,"column":21}},"loc":{"start":{"line":5,"column":40},"end":{"line":43,"column":1}},"line":5},"1":{"name":"(anonymous_1)","decl":{"start":{"line":46,"column":22},"end":{"line":46,"column":23}},"loc":{"start":{"line":46,"column":42},"end":{"line":84,"column":1}},"line":46},"2":{"name":"(anonymous_2)","decl":{"start":{"line":70,"column":29},"end":{"line":70,"column":30}},"loc":{"start":{"line":70,"column":37},"end":{"line":78,"column":5}},"line":70},"3":{"name":"(anonymous_3)","decl":{"start":{"line":87,"column":23},"end":{"line":87,"column":24}},"loc":{"start":{"line":87,"column":43},"end":{"line":120,"column":1}},"line":87},"4":{"name":"(anonymous_4)","decl":{"start":{"line":123,"column":20},"end":{"line":123,"column":21}},"loc":{"start":{"line":123,"column":40},"end":{"line":179,"column":1}},"line":123},"5":{"name":"(anonymous_5)","decl":{"start":{"line":168,"column":29},"end":{"line":168,"column":30}},"loc":{"start":{"line":168,"column":37},"end":{"line":173,"column":5}},"line":168},"6":{"name":"(anonymous_6)","decl":{"start":{"line":182,"column":21},"end":{"line":182,"column":22}},"loc":{"start":{"line":182,"column":41},"end":{"line":235,"column":1}},"line":182},"7":{"name":"(anonymous_7)","decl":{"start":{"line":223,"column":29},"end":{"line":223,"column":30}},"loc":{"start":{"line":223,"column":37},"end":{"line":229,"column":5}},"line":223},"8":{"name":"(anonymous_8)","decl":{"start":{"line":238,"column":32},"end":{"line":238,"column":33}},"loc":{"start":{"line":238,"column":52},"end":{"line":271,"column":1}},"line":238},"9":{"name":"(anonymous_9)","decl":{"start":{"line":259,"column":29},"end":{"line":259,"column":30}},"loc":{"start":{"line":259,"column":37},"end":{"line":265,"column":5}},"line":259},"10":{"name":"(anonymous_10)","decl":{"start":{"line":274,"column":25},"end":{"line":274,"column":26}},"loc":{"start":{"line":274,"column":45},"end":{"line":313,"column":1}},"line":274},"11":{"name":"(anonymous_11)","decl":{"start":{"line":316,"column":19},"end":{"line":316,"column":20}},"loc":{"start":{"line":316,"column":39},"end":{"line":367,"column":1}},"line":316}},"branchMap":{"0":{"loc":{"start":{"line":16,"column":8},"end":{"line":16,"column":46}},"type":"cond-expr","locations":[{"start":{"line":16,"column":19},"end":{"line":16,"column":41}},{"start":{"line":16,"column":44},"end":{"line":16,"column":46}}],"line":16},"1":{"loc":{"start":{"line":19,"column":19},"end":{"line":19,"column":45}},"type":"cond-expr","locations":[{"start":{"line":19,"column":30},"end":{"line":19,"column":40}},{"start":{"line":19,"column":43},"end":{"line":19,"column":45}}],"line":19},"2":{"loc":{"start":{"line":22,"column":16},"end":{"line":22,"column":36}},"type":"binary-expr","locations":[{"start":{"line":22,"column":16},"end":{"line":22,"column":30}},{"start":{"line":22,"column":34},"end":{"line":22,"column":36}}],"line":22},"3":{"loc":{"start":{"line":23,"column":32},"end":{"line":23,"column":52}},"type":"binary-expr","locations":[{"start":{"line":23,"column":32},"end":{"line":23,"column":47}},{"start":{"line":23,"column":51},"end":{"line":23,"column":52}}],"line":23},"4":{"loc":{"start":{"line":24,"column":30},"end":{"line":24,"column":48}},"type":"binary-expr","locations":[{"start":{"line":24,"column":30},"end":{"line":24,"column":43}},{"start":{"line":24,"column":47},"end":{"line":24,"column":48}}],"line":24},"5":{"loc":{"start":{"line":25,"column":32},"end":{"line":25,"column":53}},"type":"binary-expr","locations":[{"start":{"line":25,"column":32},"end":{"line":25,"column":48}},{"start":{"line":25,"column":52},"end":{"line":25,"column":53}}],"line":25},"6":{"loc":{"start":{"line":26,"column":24},"end":{"line":28,"column":11}},"type":"cond-expr","locations":[{"start":{"line":27,"column":9},"end":{"line":27,"column":64}},{"start":{"line":28,"column":8},"end":{"line":28,"column":11}}],"line":26},"7":{"loc":{"start":{"line":34,"column":29},"end":{"line":34,"column":49}},"type":"binary-expr","locations":[{"start":{"line":34,"column":29},"end":{"line":34,"column":44}},{"start":{"line":34,"column":48},"end":{"line":34,"column":49}}],"line":34},"8":{"loc":{"start":{"line":61,"column":10},"end":{"line":61,"column":49}},"type":"cond-expr","locations":[{"start":{"line":61,"column":21},"end":{"line":61,"column":44}},{"start":{"line":61,"column":47},"end":{"line":61,"column":49}}],"line":61},"9":{"loc":{"start":{"line":67,"column":19},"end":{"line":67,"column":45}},"type":"cond-expr","locations":[{"start":{"line":67,"column":30},"end":{"line":67,"column":40}},{"start":{"line":67,"column":43},"end":{"line":67,"column":45}}],"line":67},"10":{"loc":{"start":{"line":98,"column":8},"end":{"line":98,"column":46}},"type":"cond-expr","locations":[{"start":{"line":98,"column":19},"end":{"line":98,"column":41}},{"start":{"line":98,"column":44},"end":{"line":98,"column":46}}],"line":98},"11":{"loc":{"start":{"line":101,"column":19},"end":{"line":101,"column":45}},"type":"cond-expr","locations":[{"start":{"line":101,"column":30},"end":{"line":101,"column":40}},{"start":{"line":101,"column":43},"end":{"line":101,"column":45}}],"line":101},"12":{"loc":{"start":{"line":104,"column":16},"end":{"line":104,"column":36}},"type":"binary-expr","locations":[{"start":{"line":104,"column":16},"end":{"line":104,"column":30}},{"start":{"line":104,"column":34},"end":{"line":104,"column":36}}],"line":104},"13":{"loc":{"start":{"line":105,"column":27},"end":{"line":105,"column":41}},"type":"binary-expr","locations":[{"start":{"line":105,"column":27},"end":{"line":105,"column":36}},{"start":{"line":105,"column":40},"end":{"line":105,"column":41}}],"line":105},"14":{"loc":{"start":{"line":106,"column":29},"end":{"line":106,"column":46}},"type":"binary-expr","locations":[{"start":{"line":106,"column":29},"end":{"line":106,"column":41}},{"start":{"line":106,"column":45},"end":{"line":106,"column":46}}],"line":106},"15":{"loc":{"start":{"line":107,"column":30},"end":{"line":107,"column":48}},"type":"binary-expr","locations":[{"start":{"line":107,"column":30},"end":{"line":107,"column":43}},{"start":{"line":107,"column":47},"end":{"line":107,"column":48}}],"line":107},"16":{"loc":{"start":{"line":108,"column":32},"end":{"line":108,"column":53}},"type":"binary-expr","locations":[{"start":{"line":108,"column":32},"end":{"line":108,"column":48}},{"start":{"line":108,"column":52},"end":{"line":108,"column":53}}],"line":108},"17":{"loc":{"start":{"line":111,"column":37},"end":{"line":111,"column":88}},"type":"cond-expr","locations":[{"start":{"line":111,"column":49},"end":{"line":111,"column":84}},{"start":{"line":111,"column":87},"end":{"line":111,"column":88}}],"line":111},"18":{"loc":{"start":{"line":112,"column":37},"end":{"line":112,"column":89}},"type":"cond-expr","locations":[{"start":{"line":112,"column":49},"end":{"line":112,"column":85}},{"start":{"line":112,"column":88},"end":{"line":112,"column":89}}],"line":112},"19":{"loc":{"start":{"line":113,"column":37},"end":{"line":113,"column":91}},"type":"cond-expr","locations":[{"start":{"line":113,"column":49},"end":{"line":113,"column":87}},{"start":{"line":113,"column":90},"end":{"line":113,"column":91}}],"line":113},"20":{"loc":{"start":{"line":128,"column":22},"end":{"line":128,"column":64}},"type":"binary-expr","locations":[{"start":{"line":128,"column":22},"end":{"line":128,"column":38}},{"start":{"line":128,"column":42},"end":{"line":128,"column":58}},{"start":{"line":128,"column":62},"end":{"line":128,"column":64}}],"line":128},"21":{"loc":{"start":{"line":129,"column":40},"end":{"line":129,"column":69}},"type":"binary-expr","locations":[{"start":{"line":129,"column":40},"end":{"line":129,"column":63}},{"start":{"line":129,"column":67},"end":{"line":129,"column":69}}],"line":129},"22":{"loc":{"start":{"line":135,"column":35},"end":{"line":135,"column":51}},"type":"cond-expr","locations":[{"start":{"line":135,"column":46},"end":{"line":135,"column":47}},{"start":{"line":135,"column":50},"end":{"line":135,"column":51}}],"line":135},"23":{"loc":{"start":{"line":144,"column":10},"end":{"line":144,"column":49}},"type":"cond-expr","locations":[{"start":{"line":144,"column":21},"end":{"line":144,"column":44}},{"start":{"line":144,"column":47},"end":{"line":144,"column":49}}],"line":144},"24":{"loc":{"start":{"line":165,"column":19},"end":{"line":165,"column":59}},"type":"cond-expr","locations":[{"start":{"line":165,"column":30},"end":{"line":165,"column":48}},{"start":{"line":165,"column":51},"end":{"line":165,"column":59}}],"line":165},"25":{"loc":{"start":{"line":185,"column":21},"end":{"line":185,"column":41}},"type":"binary-expr","locations":[{"start":{"line":185,"column":21},"end":{"line":185,"column":36}},{"start":{"line":185,"column":40},"end":{"line":185,"column":41}}],"line":185},"26":{"loc":{"start":{"line":186,"column":39},"end":{"line":186,"column":66}},"type":"binary-expr","locations":[{"start":{"line":186,"column":39},"end":{"line":186,"column":61}},{"start":{"line":186,"column":65},"end":{"line":186,"column":66}}],"line":186},"27":{"loc":{"start":{"line":189,"column":22},"end":{"line":189,"column":64}},"type":"binary-expr","locations":[{"start":{"line":189,"column":22},"end":{"line":189,"column":38}},{"start":{"line":189,"column":42},"end":{"line":189,"column":58}},{"start":{"line":189,"column":62},"end":{"line":189,"column":64}}],"line":189},"28":{"loc":{"start":{"line":190,"column":40},"end":{"line":190,"column":69}},"type":"binary-expr","locations":[{"start":{"line":190,"column":40},"end":{"line":190,"column":63}},{"start":{"line":190,"column":67},"end":{"line":190,"column":69}}],"line":190},"29":{"loc":{"start":{"line":210,"column":48},"end":{"line":210,"column":64}},"type":"cond-expr","locations":[{"start":{"line":210,"column":59},"end":{"line":210,"column":60}},{"start":{"line":210,"column":63},"end":{"line":210,"column":64}}],"line":210},"30":{"loc":{"start":{"line":213,"column":8},"end":{"line":213,"column":49}},"type":"cond-expr","locations":[{"start":{"line":213,"column":19},"end":{"line":213,"column":44}},{"start":{"line":213,"column":47},"end":{"line":213,"column":49}}],"line":213},"31":{"loc":{"start":{"line":217,"column":15},"end":{"line":217,"column":31}},"type":"cond-expr","locations":[{"start":{"line":217,"column":26},"end":{"line":217,"column":27}},{"start":{"line":217,"column":30},"end":{"line":217,"column":31}}],"line":217},"32":{"loc":{"start":{"line":220,"column":19},"end":{"line":220,"column":73}},"type":"cond-expr","locations":[{"start":{"line":220,"column":30},"end":{"line":220,"column":55}},{"start":{"line":220,"column":58},"end":{"line":220,"column":73}}],"line":220},"33":{"loc":{"start":{"line":251,"column":8},"end":{"line":251,"column":41}},"type":"cond-expr","locations":[{"start":{"line":251,"column":19},"end":{"line":251,"column":36}},{"start":{"line":251,"column":39},"end":{"line":251,"column":41}}],"line":251},"34":{"loc":{"start":{"line":256,"column":19},"end":{"line":256,"column":45}},"type":"cond-expr","locations":[{"start":{"line":256,"column":30},"end":{"line":256,"column":40}},{"start":{"line":256,"column":43},"end":{"line":256,"column":45}}],"line":256},"35":{"loc":{"start":{"line":292,"column":8},"end":{"line":292,"column":47}},"type":"cond-expr","locations":[{"start":{"line":292,"column":19},"end":{"line":292,"column":42}},{"start":{"line":292,"column":45},"end":{"line":292,"column":47}}],"line":292},"36":{"loc":{"start":{"line":304,"column":19},"end":{"line":304,"column":45}},"type":"cond-expr","locations":[{"start":{"line":304,"column":30},"end":{"line":304,"column":40}},{"start":{"line":304,"column":43},"end":{"line":304,"column":45}}],"line":304},"37":{"loc":{"start":{"line":328,"column":10},"end":{"line":328,"column":48}},"type":"cond-expr","locations":[{"start":{"line":328,"column":21},"end":{"line":328,"column":43}},{"start":{"line":328,"column":46},"end":{"line":328,"column":48}}],"line":328},"38":{"loc":{"start":{"line":333,"column":10},"end":{"line":333,"column":48}},"type":"cond-expr","locations":[{"start":{"line":333,"column":21},"end":{"line":333,"column":43}},{"start":{"line":333,"column":46},"end":{"line":333,"column":48}}],"line":333},"39":{"loc":{"start":{"line":347,"column":19},"end":{"line":347,"column":45}},"type":"cond-expr","locations":[{"start":{"line":347,"column":30},"end":{"line":347,"column":40}},{"start":{"line":347,"column":43},"end":{"line":347,"column":45}}],"line":347},"40":{"loc":{"start":{"line":350,"column":16},"end":{"line":350,"column":36}},"type":"binary-expr","locations":[{"start":{"line":350,"column":16},"end":{"line":350,"column":30}},{"start":{"line":350,"column":34},"end":{"line":350,"column":36}}],"line":350},"41":{"loc":{"start":{"line":352,"column":27},"end":{"line":352,"column":47}},"type":"binary-expr","locations":[{"start":{"line":352,"column":27},"end":{"line":352,"column":42}},{"start":{"line":352,"column":46},"end":{"line":352,"column":47}}],"line":352},"42":{"loc":{"start":{"line":353,"column":25},"end":{"line":353,"column":43}},"type":"binary-expr","locations":[{"start":{"line":353,"column":25},"end":{"line":353,"column":38}},{"start":{"line":353,"column":42},"end":{"line":353,"column":43}}],"line":353},"43":{"loc":{"start":{"line":354,"column":27},"end":{"line":354,"column":48}},"type":"binary-expr","locations":[{"start":{"line":354,"column":27},"end":{"line":354,"column":43}},{"start":{"line":354,"column":47},"end":{"line":354,"column":48}}],"line":354},"44":{"loc":{"start":{"line":355,"column":29},"end":{"line":355,"column":49}},"type":"binary-expr","locations":[{"start":{"line":355,"column":29},"end":{"line":355,"column":44}},{"start":{"line":355,"column":48},"end":{"line":355,"column":49}}],"line":355},"45":{"loc":{"start":{"line":356,"column":30},"end":{"line":356,"column":51}},"type":"binary-expr","locations":[{"start":{"line":356,"column":30},"end":{"line":356,"column":46}},{"start":{"line":356,"column":50},"end":{"line":356,"column":51}}],"line":356},"46":{"loc":{"start":{"line":357,"column":30},"end":{"line":357,"column":51}},"type":"binary-expr","locations":[{"start":{"line":357,"column":30},"end":{"line":357,"column":46}},{"start":{"line":357,"column":50},"end":{"line":357,"column":51}}],"line":357},"47":{"loc":{"start":{"line":358,"column":35},"end":{"line":358,"column":62}},"type":"binary-expr","locations":[{"start":{"line":358,"column":35},"end":{"line":358,"column":57}},{"start":{"line":358,"column":61},"end":{"line":358,"column":62}}],"line":358},"48":{"loc":{"start":{"line":359,"column":30},"end":{"line":359,"column":51}},"type":"binary-expr","locations":[{"start":{"line":359,"column":30},"end":{"line":359,"column":46}},{"start":{"line":359,"column":50},"end":{"line":359,"column":51}}],"line":359},"49":{"loc":{"start":{"line":360,"column":30},"end":{"line":360,"column":48}},"type":"binary-expr","locations":[{"start":{"line":360,"column":30},"end":{"line":360,"column":43}},{"start":{"line":360,"column":47},"end":{"line":360,"column":48}}],"line":360}},"s":{"0":8,"1":2,"2":2,"3":2,"4":2,"5":2,"6":1,"7":1,"8":1,"9":1,"10":1,"11":1,"12":1,"13":1,"14":8,"15":2,"16":2,"17":2,"18":2,"19":2,"20":1,"21":2,"22":1,"23":1,"24":8,"25":2,"26":2,"27":2,"28":2,"29":2,"30":1,"31":1,"32":1,"33":1,"34":1,"35":1,"36":1,"37":1,"38":8,"39":2,"40":2,"41":2,"42":2,"43":2,"44":2,"45":2,"46":1,"47":2,"48":1,"49":1,"50":8,"51":2,"52":2,"53":2,"54":2,"55":2,"56":2,"57":2,"58":2,"59":2,"60":1,"61":3,"62":1,"63":1,"64":8,"65":2,"66":2,"67":2,"68":2,"69":2,"70":1,"71":2,"72":1,"73":1,"74":8,"75":2,"76":2,"77":2,"78":2,"79":2,"80":1,"81":1,"82":1,"83":8,"84":2,"85":2,"86":2,"87":2,"88":2,"89":1,"90":1,"91":1,"92":1},"f":{"0":2,"1":2,"2":2,"3":2,"4":2,"5":2,"6":2,"7":3,"8":2,"9":2,"10":2,"11":2},"b":{"0":[1,1],"1":[1,1],"2":[1,0],"3":[1,0],"4":[1,0],"5":[1,0],"6":[1,0],"7":[1,0],"8":[1,1],"9":[1,1],"10":[1,1],"11":[1,1],"12":[1,0],"13":[1,0],"14":[1,0],"15":[1,0],"16":[1,0],"17":[1,0],"18":[1,0],"19":[1,0],"20":[2,2,1],"21":[2,0],"22":[1,1],"23":[1,1],"24":[1,1],"25":[2,1],"26":[2,0],"27":[2,1,1],"28":[2,0],"29":[1,1],"30":[1,1],"31":[1,1],"32":[1,1],"33":[1,1],"34":[1,1],"35":[1,1],"36":[1,1],"37":[1,1],"38":[1,1],"39":[1,1],"40":[1,0],"41":[1,0],"42":[1,0],"43":[1,0],"44":[1,0],"45":[1,0],"46":[1,0],"47":[1,0],"48":[1,0],"49":[1,0]},"inputSourceMap":null,"_coverageSchema":"1a1c01bbd47fc00a2c39e90264f33305004495a9","hash":"528b58d4d7fccff4e4bc320f0f38baec2e87fd2e"}
,"C:\\Users\\Nimash\\Desktop\\sem_5\\Smart-Inventory-and-Resource-Management-System-for-Local-Business\\report-analysis-service\\controllers\\reportController.js": {"path":"C:\\Users\\Nimash\\Desktop\\sem_5\\Smart-Inventory-and-Resource-Management-System-for-Local-Business\\report-analysis-service\\controllers\\reportController.js","statementMap":{"0":{"start":{"line":9,"column":19},"end":{"line":21,"column":1}},"1":{"start":{"line":10,"column":16},"end":{"line":10,"column":18}},"2":{"start":{"line":11,"column":15},"end":{"line":11,"column":17}},"3":{"start":{"line":12,"column":2},"end":{"line":15,"column":3}},"4":{"start":{"line":13,"column":4},"end":{"line":13,"column":21}},"5":{"start":{"line":14,"column":4},"end":{"line":14,"column":44}},"6":{"start":{"line":16,"column":2},"end":{"line":19,"column":3}},"7":{"start":{"line":17,"column":4},"end":{"line":17,"column":19}},"8":{"start":{"line":18,"column":4},"end":{"line":18,"column":44}},"9":{"start":{"line":20,"column":2},"end":{"line":20,"column":66}},"10":{"start":{"line":24,"column":19},"end":{"line":33,"column":1}},"11":{"start":{"line":25,"column":2},"end":{"line":25,"column":35}},"12":{"start":{"line":25,"column":17},"end":{"line":25,"column":35}},"13":{"start":{"line":26,"column":19},"end":{"line":29,"column":4}},"14":{"start":{"line":27,"column":4},"end":{"line":27,"column":20}},"15":{"start":{"line":28,"column":4},"end":{"line":28,"column":28}},"16":{"start":{"line":30,"column":2},"end":{"line":30,"column":26}},"17":{"start":{"line":31,"column":2},"end":{"line":31,"column":27}},"18":{"start":{"line":32,"column":2},"end":{"line":32,"column":20}},"19":{"start":{"line":36,"column":24},"end":{"line":51,"column":1}},"20":{"start":{"line":37,"column":2},"end":{"line":37,"column":51}},"21":{"start":{"line":37,"column":33},"end":{"line":37,"column":51}},"22":{"start":{"line":38,"column":12},"end":{"line":38,"column":25}},"23":{"start":{"line":39,"column":2},"end":{"line":49,"column":3}},"24":{"start":{"line":41,"column":4},"end":{"line":41,"column":20}},"25":{"start":{"line":42,"column":4},"end":{"line":42,"column":28}},"26":{"start":{"line":43,"column":4},"end":{"line":43,"column":62}},"27":{"start":{"line":46,"column":4},"end":{"line":46,"column":20}},"28":{"start":{"line":47,"column":4},"end":{"line":47,"column":27}},"29":{"start":{"line":48,"column":4},"end":{"line":48,"column":49}},"30":{"start":{"line":50,"column":2},"end":{"line":50,"column":20}},"31":{"start":{"line":53,"column":24},"end":{"line":73,"column":1}},"32":{"start":{"line":54,"column":46},"end":{"line":54,"column":53}},"33":{"start":{"line":55,"column":17},"end":{"line":55,"column":19}},"34":{"start":{"line":58,"column":2},"end":{"line":60,"column":3}},"35":{"start":{"line":59,"column":4},"end":{"line":59,"column":61}},"36":{"start":{"line":61,"column":2},"end":{"line":63,"column":3}},"37":{"start":{"line":62,"column":4},"end":{"line":62,"column":59}},"38":{"start":{"line":66,"column":2},"end":{"line":68,"co
[...]
start":{"line":9,"column":39},"end":{"line":9,"column":65}}],"line":9},"2":{"loc":{"start":{"line":9,"column":39},"end":{"line":9,"column":65}},"type":"cond-expr","locations":[{"start":{"line":9,"column":58},"end":{"line":9,"column":60}},{"start":{"line":9,"column":63},"end":{"line":9,"column":65}}],"line":9},"3":{"loc":{"start":{"line":17,"column":4},"end":{"line":20,"column":5}},"type":"if","locations":[{"start":{"line":17,"column":4},"end":{"line":20,"column":5}},{"start":{},"end":{}}],"line":17},"4":{"loc":{"start":{"line":28,"column":4},"end":{"line":41,"column":5}},"type":"if","locations":[{"start":{"line":28,"column":4},"end":{"line":41,"column":5}},{"start":{},"end":{}}],"line":28},"5":{"loc":{"start":{"line":55,"column":16},"end":{"line":55,"column":36}},"type":"binary-expr","locations":[{"start":{"line":55,"column":16},"end":{"line":55,"column":30}},{"start":{"line":55,"column":34},"end":{"line":55,"column":36}}],"line":55},"6":{"loc":{"start":{"line":58,"column":29},"end":{"line":58,"column":49}},"type":"binary-expr","locations":[{"start":{"line":58,"column":29},"end":{"line":58,"column":44}},{"start":{"line":58,"column":48},"end":{"line":58,"column":49}}],"line":58},"7":{"loc":{"start":{"line":59,"column":28},"end":{"line":59,"column":49}},"type":"binary-expr","locations":[{"start":{"line":59,"column":28},"end":{"line":59,"column":44}},{"start":{"line":59,"column":48},"end":{"line":59,"column":49}}],"line":59},"8":{"loc":{"start":{"line":60,"column":32},"end":{"line":60,"column":56}},"type":"binary-expr","locations":[{"start":{"line":60,"column":32},"end":{"line":60,"column":51}},{"start":{"line":60,"column":55},"end":{"line":60,"column":56}}],"line":60},"9":{"loc":{"start":{"line":61,"column":32},"end":{"line":61,"column":57}},"type":"binary-expr","locations":[{"start":{"line":61,"column":32},"end":{"line":61,"column":52}},{"start":{"line":61,"column":56},"end":{"line":61,"column":57}}],"line":61},"10":{"loc":{"start":{"line":80,"column":6},"end":{"line":83,"column":61}},"type":"cond-expr","locations":[{"start":{"line":80,"column":24},"end":{"line":80,"column":25}},{"start":{"line":81,"column":6},"end":{"line":83,"column":61}}],"line":80},"11":{"loc":{"start":{"line":81,"column":6},"end":{"line":83,"column":61}},"type":"cond-expr","locations":[{"start":{"line":81,"column":25},"end":{"line":81,"column":27}},{"start":{"line":82,"column":6},"end":{"line":83,"column":61}}],"line":81},"12":{"loc":{"start":{"line":82,"column":6},"end":{"line":83,"column":61}},"type":"cond-expr","locations":[{"start":{"line":82,"column":25},"end":{"line":82,"column":27}},{"start":{"line":83,"column":6},"end":{"line":83,"column":61}}],"line":82},"13":{"loc":{"start":{"line":83,"column":27},"end":{"line":83,"column":54}},"type":"binary-expr","locations":[{"start":{"line":83,"column":27},"end":{"line":83,"column":48}},{"start":{"line":83,"column":52},"end":{"line":83,"column":54}}],"line":83},"14":{"loc":{"start":{"line":93,"column":4},"end":{"line":100,"column":5}},"type":"if","locations":[{"start":{"line":93,"column":4},"end":{"line":100,"column":5}},{"start":{},"end":{}}],"line":93},"15":{"loc":{"start":{"line":101,"column":4},"end":{"line":104,"column":5}},"type":"if","locations":[{"start":{"line":101,"column":4},"end":{"line":104,"column":5}},{"start":{},"end":{}}],"line":101},"16":{"loc":{"start":{"line":114,"column":12},"end":{"line":114,"column":97}},"type":"cond-expr","locations":[{"start":{"line":114,"column":25},"end":{"line":114,"column":59}},{"start":{"line":114,"column":62},"end":{"line":114,"column":97}}],"line":114},"17":{"loc":{"start":{"line":149,"column":19},"end":{"line":149,"column":44}},"type":"binary-expr","locations":[{"start":{"line":149,"column":19},"end":{"line":149,"column":35}},{"start":{"line":149,"column":39},"end":{"line":149,"column":44}}],"line":149},"18":{"loc":{"start":{"line":150,"column":17},"end":{"line":150,"column":65}},"type":"cond-expr","locations":[{"start":{"line":150,"column":35},"end":{"line":150,"column":36}},{"start":{"line":150,"column":39},"end":{"line":150,"column":65}}],"line":150},"19":{"loc":{"start":{"line":150,"column":39},"end":{"line":150,"column":65}},"type":"cond-expr","locations":[{"start":{"line":150,"column":58},"end":{"line":150,"column":60}},{"start":{"line":150,"column":63},"end":{"line":150,"column":65}}],"line":150},"20":{"loc":{"start":{"line":157,"column":4},"end":{"line":160,"column":5}},"type":"if","locations":[{"start":{"line":157,"column":4},"end":{"line":160,"column":5}},{"start":{},"end":{}}],"line":157},"21":{"loc":{"start":{"line":161,"column":4},"end":{"line":164,"column":5}},"type":"if","locations":[{"start":{"line":161,"column":4},"end":{"line":164,"column":5}},{"start":{},"end":{}}],"line":161},"22":{"loc":{"start":{"line":207,"column":4},"end":{"line":210,"column":5}},"type":"if","locations":[{"start":{"line":207,"column":4},"end":{"line":210,"column":5}},{"start":{},"end":{}}],"line":207},"23":{"loc":{"start":{"line":211,"column":4},"end":{"line":218,"column":5}},"type":"if","locations":[{"start":{"line":211,"column":4},"end":{"line":218,"column":5}},{"start":{},"end":{}}],"line":211},"24":{"loc":{"start":{"line":222,"column":10},"end":{"line":222,"column":95}},"type":"cond-expr","locations":[{"start":{"line":222,"column":23},"end":{"line":222,"column":57}},{"start":{"line":222,"column":60},"end":{"line":222,"column":95}}],"line":222},"25":{"loc":{"start":{"line":228,"column":35},"end":{"line":228,"column":68}},"type":"binary-expr","locations":[{"start":{"line":228,"column":35},"end":{"line":228,"column":63}},{"start":{"line":228,"column":67},"end":{"line":228,"column":68}}],"line":228},"26":{"loc":{"start":{"line":247,"column":21},"end":{"line":247,"column":41}},"type":"binary-expr","locations":[{"start":{"line":247,"column":21},"end":{"line":247,"column":36}},{"start":{"line":247,"column":40},"end":{"line":247,"column":41}}],"line":247},"27":{"loc":{"start":{"line":248,"column":39},"end":{"line":248,"column":66}},"type":"binary-expr","locations":[{"start":{"line":248,"column":39},"end":{"line":248,"column":61}},{"start":{"line":248,"column":65},"end":{"line":248,"column":66}}],"line":248},"28":{"loc":{"start":{"line":254,"column":4},"end":{"line":257,"column":5}},"type":"if","locations":[{"start":{"line":254,"column":4},"end":{"line":257,"column":5}},{"start":{},"end":{}}],"line":254},"29":{"loc":{"start":{"line":258,"column":4},"end":{"line":261,"column":5}},"type":"if","locations":[{"start":{"line":258,"column":4},"end":{"line":261,"column":5}},{"start":{},"end":{}}],"line":258},"30":{"loc":{"start":{"line":305,"column":20},"end":{"line":305,"column":39}},"type":"binary-expr","locations":[{"start":{"line":305,"column":20},"end":{"line":305,"column":34}},{"start":{"line":305,"column":38},"end":{"line":305,"column":39}}],"line":305},"31":{"loc":{"start":{"line":306,"column":38},"end":{"line":306,"column":64}},"type":"binary-expr","locations":[{"start":{"line":306,"column":38},"end":{"line":306,"column":59}},{"start":{"line":306,"column":63},"end":{"line":306,"column":64}}],"line":306},"32":{"loc":{"start":{"line":313,"column":4},"end":{"line":316,"column":5}},"type":"if","locations":[{"start":{"line":313,"column":4},"end":{"line":316,"column":5}},{"start":{},"end":{}}],"line":313},"33":{"loc":{"start":{"line":317,"column":4},"end":{"line":320,"column":5}},"type":"if","locations":[{"start":{"line":317,"column":4},"end":{"line":320,"column":5}},{"start":{},"end":{}}],"line":317},"34":{"loc":{"start":{"line":372,"column":4},"end":{"line":376,"column":5}},"type":"if","locations":[{"start":{"line":372,"column":4},"end":{"line":376,"column":5}},{"start":{},"end":{}}],"line":372},"35":{"loc":{"start":{"line":377,"column":4},"end":{"line":381,"column":5}},"type":"if","locations":[{"start":{"line":377,"column":4},"end":{"line":381,"column":5}},{"start":{},"end":{}}],"line":377},"36":{"loc":{"start":{"line":412,"column":16},"end":{"line":412,"column":36}},"type":"binary-expr","locations":[{"start":{"line":412,"column":16},"end":{"line":412,"column":30}},{"start":{"line":412,"column":34},"end":{"line":412,"column":36}}],"line":412},"37":{"loc":{"start":{"line":415,"column":29},"end":{"line":415,"column":49}},"type":"binary-expr","locations":[{"start":{"line":415,"column":29},"end":{"line":415,"column":44}},{"start":{"line":415,"column":48},"end":{"line":415,"column":49}}],"line":415},"38":{"loc":{"start":{"line":416,"column":28},"end":{"line":416,"column":49}},"type":"binary-expr","locations":[{"start":{"line":416,"column":28},"end":{"line":416,"column":44}},{"start":{"line":416,"column":48},"end":{"line":416,"column":49}}],"line":416},"39":{"loc":{"start":{"line":417,"column":32},"end":{"line":417,"column":56}},"type":"binary-expr","locations":[{"start":{"line":417,"column":32},"end":{"line":417,"column":51}},{"start":{"line":417,"column":55},"end":{"line":417,"column":56}}],"line":417},"40":{"loc":{"start":{"line":418,"column":31},"end":{"line":418,"column":53}},"type":"binary-expr","locations":[{"start":{"line":418,"column":31},"end":{"line":418,"column":48}},{"start":{"line":418,"column":52},"end":{"line":418,"column":53}}],"line":418},"41":{"loc":{"start":{"line":419,"column":33},"end":{"line":419,"column":57}},"type":"binary-expr","locations":[{"start":{"line":419,"column":33},"end":{"line":419,"column":52}},{"start":{"line":419,"column":56},"end":{"line":419,"column":57}}],"line":419},"42":{"loc":{"start":{"line":436,"column":4},"end":{"line":439,"column":5}},"type":"if","locations":[{"start":{"line":436,"column":4},"end":{"line":439,"column":5}},{"start":{},"end":{}}],"line":436},"43":{"loc":{"start":{"line":440,"column":4},"end":{"line":447,"column":5}},"type":"if","locations":[{"start":{"line":440,"column":4},"end":{"line":447,"column":5}},{"start":{},"end":{}}],"line":440},"44":{"loc":{"start":{"line":450,"column":15},"end":{"line":450,"column":100}},"type":"cond-expr","locations":[{"start":{"line":450,"column":28},"end":{"line":450,"column":62}},{"start":{"line":450,"column":65},"end":{"line":450,"column":100}}],"line":450},"45":{"loc":{"start":{"line":458,"column":32},"end":{"line":458,"column":61}},"type":"binary-expr","locations":[{"start":{"line":458,"column":32},"end":{"line":458,"column":56}},{"start":{"line":458,"column":60},"end":{"line":458,"column":61}}],"line":458}},"s":{"0":8,"1":3,"2":3,"3":3,"4":3,"5":3,"6":3,"7":3,"8":3,"9":3,"10":1,"11":1,"12":3,"13":3,"14":3,"15":3,"16":3,"17":1,"18":1,"19":1,"20":1,"21":1,"22":3,"23":3,"24":2,"25":2,"26":1,"27":1,"28":8,"29":3,"30":3,"31":3,"32":3,"33":3,"34":3,"35":3,"36":3,"37":3,"38":1,"39":1,"40":3,"41":1,"42":1,"43":3,"44":3,"45":2,"46":3,"47":1,"48":1,"49":8,"50":3,"51":3,"52":3,"53":3,"54":3,"55":3,"56":3,"57":3,"58":3,"59":1,"60":1,"61":3,"62":1,"63":1,"64":3,"65":3,"66":2,"67":2,"68":1,"69":1,"70":8,"71":3,"72":3,"73":3,"74":3,"75":3,"76":3,"77":1,"78":1,"79":3,"80":1,"81":1,"82":3,"83":3,"84":2,"85":2,"86":1,"87":1,"88":8,"89":3,"90":3,"91":3,"92":3,"93":3,"94":3,"95":3,"96":1,"97":1,"98":3,"99":1,"100":1,"101":3,"102":3,"103":3,"104":2,"105":1,"106":1,"107":1,"108":8,"109":3,"110":3,"111":3,"112":3,"113":3,"114":3,"115":3,"116":3,"117":3,"118":1,"119":1,"120":3,"121":1,"122":1,"123":3,"124":3,"125":2,"126":48,"127":2,"128":3,"129":3,"130":2,"131":1,"132":1,"133":8,"134":3,"135":3,"136":3,"137":3,"138":3,"139":3,"140":1,"141":1,"142":1,"143":3,"144":1,"145":1,"146":1,"147":3,"148":3,"149":2,"150":2,"151":1,"152":1,"153":8,"154":3,"155":3,"156":3,"157":3,"158":3,"159":3,"160":1,"161":1,"162":3,"163":1,"164":1,"165":3,"166":3,"167":2,"168":2,"169":2,"170":2,"171":1,"172":1},"f":{"0":3,"1":3,"2":3,"3":3,"4":2,"5":3,"6":3,"7":1,"8":3,"9":48,"10":3,"11":3,"12":3},"b":{"0":[3,2],"1":[1,2],"2":[2,0],"3":[1,2],"4":[1,2],"5":[2,0],"6":[2,0],"7":[2,0],"8":[2,0],"9":[2,0],"10":[0,3],"11":[1,2],"12":[0,2],"13":[2,1],"14":[1,2],"15":[1,2],"16":[1,2],"17":[3,2],"18":[1,2],"19":[2,0],"20":[1,2],"21":[1,2],"22":[1,2],"23":[1,2],"24":[1,2],"25":[2,0],"26":[3,1],"27":[3,0],"28":[1,2],"29":[1,2],"30":[3,2],"31":[3,0],"32":[1,2],"33":[1,2],"34":[1,2],"35":[1,2],"36":[2,0],"37":[2,1],"38":[2,1],"39":[2,1],"40":[2,1],"41":[2,1],"42":[1,2],"43":[1,2],"44":[1,2],"45":[2,0]},"inputSourceMap":null,"_coverageSchema":"1a1c01bbd47fc00a2c39e90264f33305004495a9","hash":"b9b534b14dad07dcd6d6aef8e1f9334723e5a9e9"}
,"C:\\Users\\Nimash\\Desktop\\sem_5\\Smart-Inventory-and-Resource-Management-System-for-Local-Business\\report-analysis-service\\utils\\analyze.js": {"path":"C:\\Users\\Nimash\\Desktop\\sem_5\\Smart-Inventory-and-Resource-Management-System-for-Local-Business\\report-analysis-service\\utils\\analyze.js","statementMap":{"0":{"start":{"line":2,"column":16},"end":{"line":2,"column":49}},"1":{"start":{"line":2,"column":40},"end":{"line":2,"column":45}},"2":{"start":{"line":3,"column":2},"end":{"line":3,"column":67}}},"fnMap":{"0":{"name":"summarize","decl":{"start":{"line":1,"column":16},"end":{"line":1,"column":25}},"loc":{"start":{"line":1,"column":39},"end":{"line":4,"column":1}},"line":1},"1":{"name":"(anonymous_1)","decl":{"start":{"line":2,"column":30},"end":{"line":2,"column":31}},"loc":{"start":{"line":2,"column":40},"end":{"line":2,"column":45}},"line":2}},"branchMap":{"0":{"loc":{"start":{"line":1,"column":26},"end":{"line":1,"column":37}},"type":"default-arg","locations":[{"start":{"line":1,"column":35},"end":{"line":1,"column":37}}],"line":1},"1":{"loc":{"start":{"line":3,"column":23},"end":{"line":3,"column":64}},"type":"cond-expr","locations":[{"start":{"line":3,"column":39},"end":{"line":3,"column":60}},{"start":{"line":3,"column":63},"end":{"line":3,"column":64}}],"line":3}},"s":{"0":2,"1":3,"2":2},"f":{"0":2,"1":3},"b":{"0":[0],"1":[1,1]},"inputSourceMap":null,"_coverageSchema":"1a1c01bbd47fc00a2c39e90264f33305004495a9","hash":"a5e42a7dcef06ed3a7bb113da1975b8dbdd7d9f9"}
,"C:\\Users\\Nimash\\Desktop\\sem_5\\Smart-Inventory-and-Resource-Management-System-for-Local-Business\\report-analysis-service\\utils\\csv.js": {"path":"C:\\Users\\Nimash\\Desktop\\sem_5\\Smart-Inventory-and-Resource-Management-System-for-Local-Business\\report-analysis-service\\utils\\csv.js","statementMap":{"0":{"start":{"line":4,"column":2},"end":{"line":9,"column":5}},"1":{"start":{"line":5,"column":4},"end":{"line":8,"column":7}},"2":{"start":{"line":6,"column":6},"end":{"line":6,"column":34}},"3":{"start":{"line":6,"column":15},"end":{"line":6,"column":34}},"4":{"start":{"line":7,"column":6},"end":{"line":7,"column":22}}},"fnMap":{"0":{"name":"toCSV","decl":{"start":{"line":3,"column":16},"end":{"line":3,"column":21}},"loc":{"start":{"line":3,"column":39},"end":{"line":10,"column":1}},"line":3},"1":{"name":"(anonymous_1)","decl":{"start":{"line":4,"column":21},"end":{"line":4,"column":22}},"loc":{"start":{"line":4,"column":42},"end":{"line":9,"column":3}},"line":4},"2":{"name":"(anonymous_2)","decl":{"start":{"line":5,"column":47},"end":{"line":5,"column":48}},"loc":{"start":{"line":5,"column":64},"end":{"line":8,"column":5}},"line":5}},"branchMap":{"0":{"loc":{"start":{"line":3,"column":28},"end":{"line":3,"column":37}},"type":"default-arg","locations":[{"start":{"line":3,"column":35},"end":{"line":3,"column":37}}],"line":3},"1":{"loc":{"start":{"line":6,"column":6},"end":{"line":6,"column":34}},"type":"if","locations":[{"start":{"line":6,"column":6},"end":{"line":6,"column":34}},{"start":{},"end":{}}],"line":6}},"s":{"0":0,"1":0,"2":0,"3":0,"4":0},"f":{"0":0,"1":0,"2":0},"b":{"0":[0],"1":[0,0]},"inputSourceMap":null}
,"C:\\Users\\Nimash\\Desktop\\sem_5\\Smart-Inventory-and-Resource-Management-System-for-Local-Business\\report-analysis-service\\utils\\db.js": {"path":"C:\\Users\\Nimash\\Desktop\\sem_5\\Smart-Inventory-and-Resource-Management-System-for-Local-Business\\report-analysis-service\\utils\\db.js","statementMap":{"0":{"start":{"line":5,"column":21},"end":{"line":9,"column":1}},"1":{"start":{"line":11,"column":20},"end":{"line":25,"column":6}},"2":{"start":{"line":27,"column":21},"end":{"line":35,"column":1}},"3":{"start":{"line":28,"column":16},"end":{"line":28,"column":26}},"4":{"start":{"line":29,"column":14},"end":{"line":29,"column":44}},"5":{"start":{"line":30,"column":2},"end":{"line":33,"column":3}},"6":{"start":{"line":31,"column":21},"end":{"line":31,"column":39}},"7":{"start":{"line":32,"column":4},"end":{"line":32,"column":74}},"8":{"start":{"line":34,"column":2},"end":{"line":34,"column":13}}},"fnMap":{"0":{"name":"(anonymous_0)","decl":{"start":{"line":27,"column":21},"end":{"line":27,"column":22}},"loc":{"start":{"line":27,"column":50},"end":{"line":35,"column":1}},"line":27}},"branchMap":{"0":{"loc":{"start":{"line":11,"column":20},"end":{"line":25,"column":6}},"type":"cond-expr","locations":[{"start":{"line":12,"column":4},"end":{"line":16,"column":6}},{"start":{"line":17,"column":4},"end":{"line":25,"column":6}}],"line":11},"1":{"loc":{"start":{"line":14,"column":11},"end":{"line":14,"column":64}},"type":"cond-expr","locations":[{"start":{"line":14,"column":27},"end":{"line":14,"column":56}},{"start":{"line":14,"column":59},"end":{"line":14,"column":64}}],"line":14},"2":{"loc":{"start":{"line":23,"column":11},"end":{"line":23,"column":64}},"type":"cond-expr","locations":[{"start":{"line":23,"column":27},"end":{"line":23,"column":56}},{"start":{"line":23,"column":59},"end":{"line":23,"column":64}}],"line":23},"3":{"loc":{"start":{"line":27,"column":34},"end":{"line":27,"column":45}},"type":"default-arg","locations":[{"start":{"line":27,"column":43},"end":{"line":27,"column":45}}],"line":27},"4":{"loc":{"start":{"line":30,"column":2},"end":{"line":33,"column":3}},"type":"if","locations":[{"start":{"line":30,"column":2},"end":{"line":33,"column":3}},{"start":{},"end":{}}],"line":30}},"s":{"0":1,"1":1,"2":1,"3":0,"4":0,"5":0,"6":0,"7":0,"8":0},"f":{"0":0},"b":{"0":[0,1],"1":[0,0],"2":[1,0],"3":[0],"4":[0,0]},"inputSourceMap":null,"_coverageSchema":"1a1c01bbd47fc00a2c39e90264f33305004495a9","hash":"2d0763d8d3ccb5a65ad9859bbe80c8e11db0210a"}
,"C:\\Users\\Nimash\\Desktop\\sem_5\\Smart-Inventory-and-Resource-Management-System-for-Local-Business\\report-analysis-service\\utils\\pagination.js": {"path":"C:\\Users\\Nimash\\Desktop\\sem_5\\Smart-Inventory-and-Resource-Management-System-for-Local-Business\\report-analysis-service\\utils\\pagination.js","statementMap":{"0":{"start":{"line":4,"column":12},"end":{"line":4,"column":48}},"1":{"start":{"line":5,"column":13},"end":{"line":5,"column":104}},"2":{"start":{"line":6,"column":2},"end":{"line":6,"column":68}},"3":{"start":{"line":10,"column":21},"end":{"line":10,"column":61}},"4":{"start":{"line":11,"column":2},"end":{"line":14,"column":4}}},"fnMap":{"0":{"name":"parsePaging","decl":{"start":{"line":3,"column":16},"end":{"line":3,"column":27}},"loc":{"start":{"line":3,"column":84},"end":{"line":7,"column":1}},"line":3},"1":{"name":"pageEnvelope","decl":{"start":{"line":9,"column":16},"end":{"line":9,"column":28}},"loc":{"start":{"line":9,"column":63},"end":{"line":15,"column":1}},"line":9}},"branchMap":{"0":{"loc":{"start":{"line":3,"column":30},"end":{"line":3,"column":40}},"type":"default-arg","locations":[{"start":{"line":3,"column":37},"end":{"line":3,"column":40}}],"line":3},"1":{"loc":{"start":{"line":3,"column":42},"end":{"line":3,"column":80}},"type":"default-arg","locations":[{"start":{"line":3,"column":53},"end":{"line":3,"column":80}}],"line":3},"2":{"loc":{"start":{"line":4,"column":21},"end":{"line":4,"column":44}},"type":"binary-expr","locations":[{"start":{"line":4,"column":21},"end":{"line":4,"column":39}},{"start":{"line":4,"column":43},"end":{"line":4,"column":44}}],"line":4},"3":{"loc":{"start":{"line":5,"column":31},"end":{"line":5,"column":79}},"type":"binary-expr","locations":[{"start":{"line":5,"column":31},"end":{"line":5,"column":53}},{"start":{"line":5,"column":57},"end":{"line":5,"column":79}}],"line":5}},"s":{"0":0,"1":0,"2":0,"3":0,"4":0},"f":{"0":0,"1":0},"b":{"0":[0],"1":[0],"2":[0,0],"3":[0,0]},"inputSourceMap":null}
}
