TN:
SF:controllers\analyticsController.js
FN:3,(anonymous_0)
FN:8,(anonymous_1)
FN:21,(anonymous_2)
FN:28,(anonymous_3)
FN:101,(anonymous_4)
FN:104,(anonymous_5)
FN:133,(anonymous_6)
FN:185,(anonymous_7)
FN:274,(anonymous_8)
FN:297,(anonymous_9)
FN:309,(anonymous_10)
FN:332,(anonymous_11)
FN:344,(anonymous_12)
FN:405,(anonymous_13)
FNF:14
FNH:14
FNDA:9,(anonymous_0)
FNDA:9,(anonymous_1)
FNDA:32,(anonymous_2)
FNDA:3,(anonymous_3)
FNDA:2,(anonymous_4)
FNDA:2,(anonymous_5)
FNDA:3,(anonymous_6)
FNDA:3,(anonymous_7)
FNDA:3,(anonymous_8)
FNDA:3,(anonymous_9)
FNDA:3,(anonymous_10)
FNDA:2,(anonymous_11)
FNDA:3,(anonymous_12)
FNDA:3,(anonymous_13)
DA:3,7
DA:4,9
DA:5,9
DA:8,7
DA:9,9
DA:10,1
DA:12,8
DA:14,0
DA:15,0
DA:16,0
DA:17,0
DA:21,32
DA:28,7
DA:29,3
DA:30,3
DA:31,3
DA:32,3
DA:34,3
DA:35,3
DA:38,3
DA:80,3
DA:81,3
DA:82,2
DA:84,2
DA:89,2
DA:98,2
DA:99,2
DA:101,2
DA:103,2
DA:104,2
DA:110,2
DA:123,1
DA:124,1
DA:133,7
DA:134,3
DA:135,3
DA:136,3
DA:137,3
DA:139,3
DA:140,3
DA:142,3
DA:163,3
DA:164,3
DA:165,2
DA:167,2
DA:175,1
DA:176,1
DA:185,7
DA:186,3
DA:187,3
DA:188,3
DA:192,3
DA:193,3
DA:195,3
DA:196,3
DA:198,3
DA:199,3
DA:202,3
DA:243,3
DA:244,3
DA:245,2
DA:247,2
DA:251,2
DA:262,2
DA:264,1
DA:265,1
DA:274,7
DA:275,3
DA:276,3
DA:277,3
DA:279,3
DA:295,3
DA:296,3
DA:297,3
DA:299,1
DA:300,1
DA:309,7
DA:310,3
DA:311,3
DA:312,3
DA:314,3
DA:330,3
DA:331,3
DA:332,2
DA:334,1
DA:335,1
DA:344,7
DA:345,3
DA:346,3
DA:348,3
DA:380,3
DA:381,3
DA:382,2
DA:383,2
DA:387,2
DA:395,1
DA:396,1
DA:405,7
DA:406,3
DA:407,3
DA:408,3
DA:412,3
DA:414,3
DA:415,3
DA:417,3
DA:418,3
DA:421,3
DA:450,3
DA:451,3
DA:452,2
DA:454,2
DA:456,2
DA:457,2
DA:458,2
DA:459,1
DA:460,1
DA:461,0
DA:462,1
DA:463,1
DA:467,2
DA:468,2
DA:469,1
DA:476,2
DA:478,1
DA:479,1
LF:125
LH:120
BRDA:4,0,0,9
BRDA:4,0,1,4
BRDA:5,1,0,9
BRDA:5,1,1,0
BRDA:8,2,0,0
BRDA:9,3,0,1
BRDA:9,3,1,8
BRDA:9,3,2,8
BRDA:9,3,3,0
BRDA:9,3,4,0
BRDA:9,3,5,0
BRDA:9,3,6,0
BRDA:9,3,7,0
BRDA:21,4,0,11
BRDA:21,4,1,21
BRDA:31,5,0,3
BRDA:31,5,1,3
BRDA:80,6,0,1
BRDA:80,6,1,2
BRDA:82,7,0,2
BRDA:82,7,1,0
BRDA:84,8,0,1
BRDA:84,8,1,1
BRDA:84,9,0,2
BRDA:84,9,1,1
BRDA:85,10,0,1
BRDA:85,10,1,0
BRDA:85,11,0,1
BRDA:85,11,1,0
BRDA:85,12,0,1
BRDA:85,12,1,0
BRDA:98,13,0,1
BRDA:98,13,1,1
BRDA:101,14,0,2
BRDA:101,14,1,0
BRDA:103,15,0,1
BRDA:103,15,1,1
BRDA:112,16,0,2
BRDA:112,16,1,1
BRDA:113,17,0,2
BRDA:113,17,1,1
BRDA:114,18,0,2
BRDA:114,18,1,1
BRDA:115,19,0,2
BRDA:115,19,1,1
BRDA:116,20,0,2
BRDA:116,20,1,1
BRDA:117,21,0,2
BRDA:117,21,1,1
BRDA:119,22,0,2
BRDA:119,22,1,1
BRDA:136,23,0,3
BRDA:136,23,1,3
BRDA:163,24,0,1
BRDA:163,24,1,2
BRDA:165,25,0,2
BRDA:165,25,1,0
BRDA:169,26,0,2
BRDA:169,26,1,1
BRDA:170,27,0,2
BRDA:170,27,1,1
BRDA:171,28,0,2
BRDA:171,28,1,1
BRDA:172,29,0,2
BRDA:172,29,1,1
BRDA:188,30,0,1
BRDA:188,30,1,2
BRDA:188,31,0,3
BRDA:188,31,1,2
BRDA:188,31,2,1
BRDA:192,32,0,3
BRDA:192,32,1,1
BRDA:245,33,0,2
BRDA:245,33,1,0
BRDA:247,34,0,2
BRDA:247,34,1,0
BRDA:247,35,0,2
BRDA:247,35,1,0
BRDA:248,36,0,2
BRDA:248,36,1,0
BRDA:248,37,0,2
BRDA:248,37,1,0
BRDA:248,38,0,2
BRDA:248,38,1,0
BRDA:253,39,0,1
BRDA:253,39,1,1
BRDA:254,40,0,1
BRDA:254,40,1,1
BRDA:256,41,0,1
BRDA:256,41,1,1
BRDA:257,42,0,1
BRDA:257,42,1,1
BRDA:257,43,0,2
BRDA:257,43,1,2
BRDA:282,44,0,1
BRDA:282,44,1,2
BRDA:290,45,0,1
BRDA:290,45,1,2
BRDA:295,46,0,1
BRDA:295,46,1,2
BRDA:317,47,0,1
BRDA:317,47,1,2
BRDA:325,48,0,1
BRDA:325,48,1,2
BRDA:330,49,0,1
BRDA:330,49,1,2
BRDA:332,50,0,2
BRDA:332,50,1,0
BRDA:380,51,0,1
BRDA:380,51,1,2
BRDA:382,52,0,2
BRDA:382,52,1,0
BRDA:383,53,0,1
BRDA:383,53,1,1
BRDA:383,54,0,2
BRDA:383,54,1,1
BRDA:384,55,0,1
BRDA:384,55,1,0
BRDA:384,56,0,1
BRDA:384,56,1,0
BRDA:384,57,0,1
BRDA:384,57,1,0
BRDA:388,58,0,2
BRDA:388,58,1,1
BRDA:389,59,0,2
BRDA:389,59,1,1
BRDA:390,60,0,2
BRDA:390,60,1,1
BRDA:392,61,0,2
BRDA:392,61,1,1
BRDA:408,62,0,1
BRDA:408,62,1,2
BRDA:408,63,0,3
BRDA:408,63,1,2
BRDA:408,63,2,1
BRDA:452,64,0,2
BRDA:452,64,1,0
BRDA:456,65,0,2
BRDA:456,65,1,0
BRDA:456,66,0,2
BRDA:456,66,1,0
BRDA:457,67,0,2
BRDA:457,67,1,0
BRDA:457,68,0,2
BRDA:457,68,1,0
BRDA:457,69,0,2
BRDA:457,69,1,0
BRDA:458,70,0,1
BRDA:458,70,1,1
BRDA:460,71,0,0
BRDA:460,71,1,1
BRDA:462,72,0,1
BRDA:462,72,1,0
BRDA:467,73,0,2
BRDA:467,73,1,0
BRDA:468,74,0,1
BRDA:468,74,1,1
BRDA:471,75,0,1
BRDA:471,75,1,0
BRF:159
BRH:125
end_of_record
TN:
SF:controllers\customerController.js
FN:5,(anonymous_0)
FN:54,(anonymous_1)
FN:97,(anonymous_2)
FN:112,(anonymous_3)
FN:160,(anonymous_4)
FN:174,(anonymous_5)
FN:198,(anonymous_6)
FN:215,(anonymous_7)
FN:247,(anonymous_8)
FN:263,(anonymous_9)
FN:298,(anonymous_10)
FN:310,(anonymous_11)
FNF:12
FNH:12
FNDA:2,(anonymous_0)
FNDA:2,(anonymous_1)
FNDA:2,(anonymous_2)
FNDA:2,(anonymous_3)
FNDA:2,(anonymous_4)
FNDA:2,(anonymous_5)
FNDA:1,(anonymous_6)
FNDA:2,(anonymous_7)
FNDA:1,(anonymous_8)
FNDA:2,(anonymous_9)
FNDA:3,(anonymous_10)
FNDA:2,(anonymous_11)
DA:5,8
DA:6,2
DA:7,2
DA:9,2
DA:35,2
DA:36,2
DA:38,2
DA:39,2
DA:48,0
DA:49,0
DA:54,8
DA:55,2
DA:56,2
DA:58,2
DA:86,2
DA:87,2
DA:89,1
DA:96,1
DA:97,2
DA:106,1
DA:107,1
DA:112,8
DA:113,2
DA:114,2
DA:115,2
DA:116,2
DA:118,2
DA:156,2
DA:157,2
DA:159,1
DA:160,2
DA:168,1
DA:169,1
DA:174,8
DA:175,2
DA:176,2
DA:181,2
DA:182,1
DA:184,1
DA:192,1
DA:193,1
DA:198,8
DA:199,1
DA:200,1
DA:209,0
DA:210,0
DA:215,8
DA:216,2
DA:217,2
DA:218,2
DA:219,2
DA:221,2
DA:243,2
DA:244,2
DA:246,1
DA:247,1
DA:257,1
DA:258,1
DA:263,8
DA:264,2
DA:265,2
DA:267,2
DA:294,2
DA:295,2
DA:297,1
DA:298,3
DA:304,1
DA:305,1
DA:310,8
DA:311,2
DA:312,2
DA:314,2
DA:351,2
DA:352,2
DA:354,1
DA:355,1
DA:365,1
DA:366,1
LF:78
LH:74
BRDA:16,0,0,1
BRDA:16,0,1,1
BRDA:23,1,0,1
BRDA:23,1,1,1
BRDA:35,2,0,1
BRDA:35,2,1,1
BRDA:38,3,0,2
BRDA:38,3,1,0
BRDA:40,4,0,2
BRDA:40,4,1,0
BRDA:41,5,0,2
BRDA:41,5,1,0
BRDA:42,6,0,2
BRDA:42,6,1,0
BRDA:43,7,0,2
BRDA:43,7,1,0
BRDA:44,8,0,2
BRDA:44,8,1,0
BRDA:45,9,0,2
BRDA:45,9,1,0
BRDA:67,10,0,1
BRDA:67,10,1,1
BRDA:86,11,0,1
BRDA:86,11,1,1
BRDA:102,12,0,2
BRDA:102,12,1,0
BRDA:115,13,0,2
BRDA:115,13,1,0
BRDA:116,14,0,2
BRDA:116,14,1,0
BRDA:121,15,0,1
BRDA:121,15,1,1
BRDA:128,16,0,1
BRDA:128,16,1,1
BRDA:141,17,0,1
BRDA:141,17,1,1
BRDA:156,18,0,1
BRDA:156,18,1,1
BRDA:182,19,0,1
BRDA:182,19,1,0
BRDA:218,20,0,2
BRDA:218,20,1,1
BRDA:219,21,0,2
BRDA:219,21,1,0
BRDA:235,22,0,1
BRDA:235,22,1,1
BRDA:240,23,0,1
BRDA:240,23,1,1
BRDA:243,24,0,1
BRDA:243,24,1,1
BRDA:252,25,0,1
BRDA:252,25,1,0
BRDA:274,26,0,1
BRDA:274,26,1,1
BRDA:294,27,0,1
BRDA:294,27,1,1
BRDA:321,28,0,1
BRDA:321,28,1,1
BRDA:328,29,0,1
BRDA:328,29,1,1
BRDA:335,30,0,1
BRDA:335,30,1,1
BRDA:351,31,0,1
BRDA:351,31,1,1
BRDA:354,32,0,1
BRDA:354,32,1,0
BRDA:356,33,0,1
BRDA:356,33,1,0
BRDA:357,34,0,1
BRDA:357,34,1,0
BRDA:358,35,0,1
BRDA:358,35,1,0
BRDA:359,36,0,1
BRDA:359,36,1,0
BRDA:360,37,0,1
BRDA:360,37,1,0
BRDA:361,38,0,1
BRDA:361,38,1,0
BRDA:362,39,0,1
BRDA:362,39,1,0
BRF:80
BRH:59
end_of_record
TN:
SF:controllers\healthController.js
FN:3,(anonymous_0)
FNF:1
FNH:0
FNDA:0,(anonymous_0)
DA:3,0
DA:4,0
DA:5,0
LF:3
LH:0
BRF:0
BRH:0
end_of_record
TN:
SF:controllers\inventoryController.js
FN:5,(anonymous_0)
FN:46,(anonymous_1)
FN:70,(anonymous_2)
FN:87,(anonymous_3)
FN:123,(anonymous_4)
FN:168,(anonymous_5)
FN:182,(anonymous_6)
FN:223,(anonymous_7)
FN:238,(anonymous_8)
FN:259,(anonymous_9)
FN:274,(anonymous_10)
FN:316,(anonymous_11)
FNF:12
FNH:12
FNDA:2,(anonymous_0)
FNDA:2,(anonymous_1)
FNDA:2,(anonymous_2)
FNDA:2,(anonymous_3)
FNDA:2,(anonymous_4)
FNDA:2,(anonymous_5)
FNDA:2,(anonymous_6)
FNDA:3,(anonymous_7)
FNDA:2,(anonymous_8)
FNDA:2,(anonymous_9)
FNDA:2,(anonymous_10)
FNDA:2,(anonymous_11)
DA:5,8
DA:6,2
DA:7,2
DA:9,2
DA:19,2
DA:20,2
DA:22,1
DA:23,1
DA:24,1
DA:25,1
DA:26,1
DA:30,1
DA:40,1
DA:41,1
DA:46,8
DA:47,2
DA:48,2
DA:50,2
DA:67,2
DA:68,2
DA:70,2
DA:81,1
DA:82,1
DA:87,8
DA:88,2
DA:89,2
DA:91,2
DA:101,2
DA:102,2
DA:104,1
DA:105,1
DA:106,1
DA:107,1
DA:108,1
DA:110,1
DA:117,1
DA:118,1
DA:123,8
DA:124,2
DA:125,2
DA:128,2
DA:129,2
DA:131,2
DA:165,2
DA:166,2
DA:168,2
DA:176,1
DA:177,1
DA:182,8
DA:183,2
DA:184,2
DA:185,2
DA:186,2
DA:189,2
DA:190,2
DA:192,2
DA:220,2
DA:221,2
DA:223,3
DA:232,1
DA:233,1
DA:238,8
DA:239,2
DA:240,2
DA:242,2
DA:256,2
DA:257,2
DA:259,2
DA:268,1
DA:269,1
DA:274,8
DA:275,2
DA:276,2
DA:278,2
DA:304,2
DA:305,2
DA:307,1
DA:310,1
DA:311,1
DA:316,8
DA:317,2
DA:318,2
DA:320,2
DA:347,2
DA:348,2
DA:350,1
DA:351,1
DA:364,1
DA:365,1
LF:89
LH:89
BRDA:16,0,0,1
BRDA:16,0,1,1
BRDA:19,1,0,1
BRDA:19,1,1,1
BRDA:22,2,0,1
BRDA:22,2,1,0
BRDA:23,3,0,1
BRDA:23,3,1,0
BRDA:24,4,0,1
BRDA:24,4,1,0
BRDA:25,5,0,1
BRDA:25,5,1,0
BRDA:26,6,0,1
BRDA:26,6,1,0
BRDA:34,7,0,1
BRDA:34,7,1,0
BRDA:61,8,0,1
BRDA:61,8,1,1
BRDA:67,9,0,1
BRDA:67,9,1,1
BRDA:98,10,0,1
BRDA:98,10,1,1
BRDA:101,11,0,1
BRDA:101,11,1,1
BRDA:104,12,0,1
BRDA:104,12,1,0
BRDA:105,13,0,1
BRDA:105,13,1,0
BRDA:106,14,0,1
BRDA:106,14,1,0
BRDA:107,15,0,1
BRDA:107,15,1,0
BRDA:108,16,0,1
BRDA:108,16,1,0
BRDA:111,17,0,1
BRDA:111,17,1,0
BRDA:112,18,0,1
BRDA:112,18,1,0
BRDA:113,19,0,1
BRDA:113,19,1,0
BRDA:128,20,0,2
BRDA:128,20,1,2
BRDA:128,20,2,1
BRDA:129,21,0,2
BRDA:129,21,1,0
BRDA:135,22,0,1
BRDA:135,22,1,1
BRDA:144,23,0,1
BRDA:144,23,1,1
BRDA:165,24,0,1
BRDA:165,24,1,1
BRDA:185,25,0,2
BRDA:185,25,1,1
BRDA:186,26,0,2
BRDA:186,26,1,0
BRDA:189,27,0,2
BRDA:189,27,1,1
BRDA:189,27,2,1
BRDA:190,28,0,2
BRDA:190,28,1,0
BRDA:210,29,0,1
BRDA:210,29,1,1
BRDA:213,30,0,1
BRDA:213,30,1,1
BRDA:217,31,0,1
BRDA:217,31,1,1
BRDA:220,32,0,1
BRDA:220,32,1,1
BRDA:251,33,0,1
BRDA:251,33,1,1
BRDA:256,34,0,1
BRDA:256,34,1,1
BRDA:292,35,0,1
BRDA:292,35,1,1
BRDA:304,36,0,1
BRDA:304,36,1,1
BRDA:328,37,0,1
BRDA:328,37,1,1
BRDA:333,38,0,1
BRDA:333,38,1,1
BRDA:347,39,0,1
BRDA:347,39,1,1
BRDA:350,40,0,1
BRDA:350,40,1,0
BRDA:352,41,0,1
BRDA:352,41,1,0
BRDA:353,42,0,1
BRDA:353,42,1,0
BRDA:354,43,0,1
BRDA:354,43,1,0
BRDA:355,44,0,1
BRDA:355,44,1,0
BRDA:356,45,0,1
BRDA:356,45,1,0
BRDA:357,46,0,1
BRDA:357,46,1,0
BRDA:358,47,0,1
BRDA:358,47,1,0
BRDA:359,48,0,1
BRDA:359,48,1,0
BRDA:360,49,0,1
BRDA:360,49,1,0
BRF:102
BRH:75
end_of_record
TN:
SF:controllers\reportController.js
FN:9,(anonymous_0)
FN:24,(anonymous_1)
FN:26,(anonymous_2)
FN:36,(anonymous_3)
FN:53,(anonymous_4)
FN:75,(anonymous_5)
FN:103,inventoryLowStock
FN:160,ordersSummary
FN:224,customerHistory
FN:289,resourcesAssignments
FN:354,restockSummary
FN:419,supplierOrderDetails
FN:489,inventoryRestockTracking
FNF:13
FNH:13
FNDA:12,(anonymous_0)
FNDA:12,(anonymous_1)
FNDA:12,(anonymous_2)
FNDA:14,(anonymous_3)
FNDA:17,(anonymous_4)
FNDA:7,(anonymous_5)
FNDA:3,inventoryLowStock
FNDA:3,ordersSummary
FNDA:2,customerHistory
FNDA:2,resourcesAssignments
FNDA:2,restockSummary
FNDA:2,supplierOrderDetails
FNDA:3,inventoryRestockTracking
DA:9,7
DA:10,12
DA:11,12
DA:12,12
DA:13,6
DA:14,6
DA:16,12
DA:17,6
DA:18,6
DA:20,12
DA:24,7
DA:25,12
DA:26,6
DA:27,12
DA:28,12
DA:30,6
DA:31,6
DA:32,6
DA:36,7
DA:37,14
DA:38,7
DA:39,7
DA:41,2
DA:42,2
DA:43,2
DA:46,5
DA:47,5
DA:48,5
DA:50,7
DA:53,7
DA:54,17
DA:55,17
DA:58,17
DA:59,2
DA:61,17
DA:62,0
DA:66,17
DA:67,1
DA:72,17
DA:75,7
DA:76,7
DA:78,7
DA:79,2
DA:86,5
DA:87,2
DA:94,3
DA:104,3
DA:105,3
DA:107,3
DA:108,3
DA:109,1
DA:115,2
DA:116,2
DA:117,2
DA:120,2
DA:123,2
DA:124,2
DA:126,2
DA:145,2
DA:147,1
DA:155,1
DA:161,3
DA:162,3
DA:164,3
DA:165,3
DA:166,1
DA:169,2
DA:170,2
DA:171,2
DA:174,2
DA:176,2
DA:177,1
DA:178,1
DA:179,1
DA:182,2
DA:183,2
DA:185,2
DA:209,2
DA:211,1
DA:219,1
DA:225,2
DA:226,2
DA:228,2
DA:229,2
DA:230,0
DA:233,2
DA:234,2
DA:235,2
DA:238,2
DA:240,2
DA:241,1
DA:242,1
DA:243,1
DA:246,2
DA:247,2
DA:249,2
DA:274,2
DA:276,1
DA:284,1
DA:290,2
DA:291,2
DA:293,2
DA:294,2
DA:295,0
DA:298,2
DA:299,2
DA:300,2
DA:303,2
DA:305,2
DA:306,1
DA:307,1
DA:308,1
DA:311,2
DA:312,2
DA:314,2
DA:339,2
DA:341,1
DA:349,1
DA:355,2
DA:356,2
DA:358,2
DA:359,2
DA:360,0
DA:363,2
DA:364,2
DA:365,2
DA:368,2
DA:370,2
DA:371,1
DA:372,1
DA:373,1
DA:376,2
DA:377,2
DA:379,2
DA:404,2
DA:406,1
DA:414,1
DA:420,2
DA:421,2
DA:423,2
DA:424,2
DA:425,0
DA:428,2
DA:429,2
DA:430,2
DA:433,2
DA:435,2
DA:436,1
DA:437,1
DA:438,1
DA:441,2
DA:442,2
DA:444,2
DA:474,2
DA:476,1
DA:484,1
DA:490,3
DA:491,3
DA:493,3
DA:494,3
DA:495,1
DA:498,2
DA:499,2
DA:500,2
DA:503,2
DA:505,2
DA:558,2
DA:560,1
DA:568,1
LF:169
LH:164
BRDA:12,0,0,6
BRDA:12,0,1,6
BRDA:12,1,0,12
BRDA:12,1,1,6
BRDA:16,2,0,6
BRDA:16,2,1,6
BRDA:16,3,0,12
BRDA:16,3,1,6
BRDA:20,4,0,6
BRDA:20,4,1,6
BRDA:25,5,0,6
BRDA:25,5,1,6
BRDA:37,6,0,7
BRDA:37,6,1,7
BRDA:37,7,0,14
BRDA:37,7,1,7
BRDA:39,8,0,2
BRDA:39,8,1,5
BRDA:58,9,0,2
BRDA:58,9,1,15
BRDA:58,10,0,17
BRDA:58,10,1,9
BRDA:61,11,0,0
BRDA:61,11,1,17
BRDA:61,12,0,17
BRDA:61,12,1,7
BRDA:66,13,0,1
BRDA:66,13,1,16
BRDA:66,14,0,17
BRDA:66,14,1,9
BRDA:66,14,2,7
BRDA:78,15,0,2
BRDA:78,15,1,5
BRDA:86,16,0,2
BRDA:86,16,1,3
BRDA:98,17,0,0
BRDA:98,17,1,3
BRDA:108,18,0,1
BRDA:108,18,1,2
BRDA:141,19,0,1
BRDA:141,19,1,1
BRDA:165,20,0,1
BRDA:165,20,1,2
BRDA:176,21,0,1
BRDA:176,21,1,1
BRDA:176,22,0,2
BRDA:176,22,1,1
BRDA:204,23,0,1
BRDA:204,23,1,1
BRDA:229,24,0,0
BRDA:229,24,1,2
BRDA:240,25,0,1
BRDA:240,25,1,1
BRDA:240,26,0,2
BRDA:240,26,1,1
BRDA:269,27,0,1
BRDA:269,27,1,1
BRDA:294,28,0,0
BRDA:294,28,1,2
BRDA:305,29,0,1
BRDA:305,29,1,1
BRDA:305,30,0,2
BRDA:305,30,1,1
BRDA:334,31,0,1
BRDA:334,31,1,1
BRDA:359,32,0,0
BRDA:359,32,1,2
BRDA:370,33,0,1
BRDA:370,33,1,1
BRDA:370,34,0,2
BRDA:370,34,1,1
BRDA:397,35,0,1
BRDA:397,35,1,1
BRDA:424,36,0,0
BRDA:424,36,1,2
BRDA:435,37,0,1
BRDA:435,37,1,1
BRDA:435,38,0,2
BRDA:435,38,1,1
BRDA:469,39,0,1
BRDA:469,39,1,1
BRDA:494,40,0,1
BRDA:494,40,1,2
BRDA:545,41,0,1
BRDA:545,41,1,1
BRF:85
BRH:79
end_of_record
TN:
SF:controllers\salesController.js
FN:5,(anonymous_0)
FN:72,(anonymous_1)
FN:132,(anonymous_2)
FN:146,(anonymous_3)
FN:185,(anonymous_4)
FN:200,(anonymous_5)
FN:244,(anonymous_6)
FN:287,(anonymous_7)
FN:302,(anonymous_8)
FN:338,(anonymous_9)
FN:344,(anonymous_10)
FN:362,(anonymous_11)
FN:429,(anonymous_12)
FNF:13
FNH:13
FNDA:3,(anonymous_0)
FNDA:3,(anonymous_1)
FNDA:3,(anonymous_2)
FNDA:3,(anonymous_3)
FNDA:2,(anonymous_4)
FNDA:3,(anonymous_5)
FNDA:3,(anonymous_6)
FNDA:1,(anonymous_7)
FNDA:3,(anonymous_8)
FNDA:48,(anonymous_9)
FNDA:3,(anonymous_10)
FNDA:3,(anonymous_11)
FNDA:3,(anonymous_12)
DA:5,8
DA:6,3
DA:7,3
DA:8,3
DA:9,3
DA:11,3
DA:12,3
DA:14,3
DA:15,3
DA:17,3
DA:18,1
DA:19,1
DA:23,3
DA:24,3
DA:25,3
DA:26,3
DA:28,3
DA:29,1
DA:30,1
DA:35,1
DA:37,1
DA:40,1
DA:43,3
DA:54,3
DA:55,2
DA:57,2
DA:66,1
DA:67,1
DA:72,8
DA:73,3
DA:74,3
DA:77,3
DA:78,3
DA:80,3
DA:86,3
DA:89,3
DA:90,3
DA:93,3
DA:94,1
DA:95,1
DA:101,3
DA:102,1
DA:103,1
DA:106,3
DA:130,3
DA:132,3
DA:140,1
DA:141,1
DA:146,8
DA:147,3
DA:148,3
DA:149,3
DA:150,3
DA:152,3
DA:153,3
DA:155,3
DA:156,3
DA:157,3
DA:158,1
DA:159,1
DA:161,3
DA:162,1
DA:163,1
DA:166,3
DA:184,3
DA:185,2
DA:194,1
DA:195,1
DA:200,8
DA:201,3
DA:202,3
DA:204,3
DA:205,3
DA:206,3
DA:207,3
DA:208,1
DA:209,1
DA:211,3
DA:212,1
DA:213,1
DA:220,3
DA:227,3
DA:228,2
DA:231,2
DA:238,1
DA:239,1
DA:244,8
DA:245,3
DA:246,3
DA:247,3
DA:248,3
DA:250,3
DA:251,3
DA:254,3
DA:255,1
DA:256,1
DA:258,3
DA:259,1
DA:260,1
DA:263,3
DA:265,3
DA:285,3
DA:287,2
DA:296,1
DA:297,1
DA:302,8
DA:303,3
DA:304,3
DA:305,3
DA:306,3
DA:308,3
DA:309,3
DA:311,3
DA:312,3
DA:313,3
DA:314,1
DA:315,1
DA:317,3
DA:318,1
DA:319,1
DA:322,3
DA:336,3
DA:338,48
DA:344,2
DA:345,3
DA:346,3
DA:353,2
DA:356,1
DA:357,1
DA:362,8
DA:363,3
DA:364,3
DA:366,3
DA:367,3
DA:368,3
DA:372,3
DA:373,1
DA:374,1
DA:375,1
DA:377,3
DA:378,1
DA:379,1
DA:380,1
DA:383,3
DA:411,3
DA:412,2
DA:414,2
DA:423,1
DA:424,1
DA:429,8
DA:430,3
DA:431,3
DA:433,3
DA:434,3
DA:435,3
DA:436,3
DA:437,1
DA:438,1
DA:440,3
DA:441,1
DA:442,1
DA:449,3
DA:455,3
DA:457,2
DA:458,2
DA:459,2
DA:461,2
DA:469,1
DA:470,1
LF:169
LH:169
BRDA:8,0,0,3
BRDA:8,0,1,2
BRDA:9,1,0,1
BRDA:9,1,1,2
BRDA:9,2,0,2
BRDA:9,2,1,0
BRDA:17,3,0,1
BRDA:17,3,1,2
BRDA:28,4,0,1
BRDA:28,4,1,2
BRDA:55,5,0,2
BRDA:55,5,1,0
BRDA:58,6,0,2
BRDA:58,6,1,0
BRDA:59,7,0,2
BRDA:59,7,1,0
BRDA:60,8,0,2
BRDA:60,8,1,0
BRDA:61,9,0,2
BRDA:61,9,1,0
BRDA:80,10,0,0
BRDA:80,10,1,3
BRDA:81,11,0,1
BRDA:81,11,1,2
BRDA:82,12,0,0
BRDA:82,12,1,2
BRDA:83,13,0,2
BRDA:83,13,1,1
BRDA:93,14,0,1
BRDA:93,14,1,2
BRDA:101,15,0,1
BRDA:101,15,1,2
BRDA:114,16,0,1
BRDA:114,16,1,2
BRDA:149,17,0,3
BRDA:149,17,1,2
BRDA:150,18,0,1
BRDA:150,18,1,2
BRDA:150,19,0,2
BRDA:150,19,1,0
BRDA:157,20,0,1
BRDA:157,20,1,2
BRDA:161,21,0,1
BRDA:161,21,1,2
BRDA:207,22,0,1
BRDA:207,22,1,2
BRDA:211,23,0,1
BRDA:211,23,1,2
BRDA:222,24,0,1
BRDA:222,24,1,2
BRDA:228,25,0,2
BRDA:228,25,1,0
BRDA:247,26,0,3
BRDA:247,26,1,1
BRDA:248,27,0,3
BRDA:248,27,1,0
BRDA:254,28,0,1
BRDA:254,28,1,2
BRDA:258,29,0,1
BRDA:258,29,1,2
BRDA:305,30,0,3
BRDA:305,30,1,2
BRDA:306,31,0,3
BRDA:306,31,1,0
BRDA:313,32,0,1
BRDA:313,32,1,2
BRDA:317,33,0,1
BRDA:317,33,1,2
BRDA:372,34,0,1
BRDA:372,34,1,2
BRDA:377,35,0,1
BRDA:377,35,1,2
BRDA:412,36,0,2
BRDA:412,36,1,0
BRDA:415,37,0,2
BRDA:415,37,1,1
BRDA:416,38,0,2
BRDA:416,38,1,1
BRDA:417,39,0,2
BRDA:417,39,1,1
BRDA:418,40,0,2
BRDA:418,40,1,1
BRDA:419,41,0,2
BRDA:419,41,1,1
BRDA:436,42,0,1
BRDA:436,42,1,2
BRDA:440,43,0,1
BRDA:440,43,1,2
BRDA:450,44,0,1
BRDA:450,44,1,2
BRDA:458,45,0,2
BRDA:458,45,1,0
BRF:92
BRH:78
end_of_record
TN:
SF:utils\analyze.js
FN:1,summarize
FN:2,(anonymous_1)
FNF:2
FNH:2
FNDA:2,summarize
FNDA:3,(anonymous_1)
DA:2,3
DA:3,2
LF:2
LH:2
BRDA:1,0,0,0
BRDA:3,1,0,1
BRDA:3,1,1,1
BRF:3
BRH:2
end_of_record
TN:
SF:utils\csv.js
FN:3,toCSV
FN:4,(anonymous_1)
FN:5,(anonymous_2)
FNF:3
FNH:0
FNDA:0,toCSV
FNDA:0,(anonymous_1)
FNDA:0,(anonymous_2)
DA:4,0
DA:5,0
DA:6,0
DA:7,0
LF:4
LH:0
BRDA:3,0,0,0
BRDA:6,1,0,0
BRDA:6,1,1,0
BRF:3
BRH:0
end_of_record
TN:
SF:utils\db.js
FN:27,(anonymous_0)
FNF:1
FNH:0
FNDA:0,(anonymous_0)
DA:5,1
DA:11,1
DA:27,1
DA:28,0
DA:29,0
DA:30,0
DA:31,0
DA:32,0
DA:34,0
LF:9
LH:3
BRDA:11,0,0,0
BRDA:11,0,1,1
BRDA:14,1,0,0
BRDA:14,1,1,0
BRDA:23,2,0,1
BRDA:23,2,1,0
BRDA:27,3,0,0
BRDA:30,4,0,0
BRDA:30,4,1,0
BRF:9
BRH:2
end_of_record
TN:
SF:utils\pagination.js
FN:3,parsePaging
FN:9,pageEnvelope
FNF:2
FNH:0
FNDA:0,parsePaging
FNDA:0,pageEnvelope
DA:4,0
DA:5,0
DA:6,0
DA:10,0
DA:11,0
LF:5
LH:0
BRDA:3,0,0,0
BRDA:3,1,0,0
BRDA:4,2,0,0
BRDA:4,2,1,0
BRDA:5,3,0,0
BRDA:5,3,1,0
BRF:6
BRH:0
end_of_record
